#
# There is insufficient memory for the Java Runtime Environment to continue.
# Native memory allocation (mmap) failed to map 132120576 bytes for G1 virtual space
# Possible reasons:
#   The system is out of physical RAM or swap space
#   The process is running with CompressedOops enabled, and the Java Heap may be blocking the growth of the native heap
# Possible solutions:
#   Reduce memory load on the system
#   Increase physical memory or swap space
#   Check if swap backing store is full
#   Decrease Java heap size (-Xmx/-Xms)
#   Decrease number of Java threads
#   Decrease Java thread stack sizes (-Xss)
#   Set larger code cache with -XX:ReservedCodeCacheSize=
#   JVM is running with Unscaled Compressed Oops mode in which the Java heap is
#     placed in the first 4GB address space. The Java Heap base address is the
#     maximum limit for the native heap growth. Please use -XX:HeapBaseMinAddress
#     to set the Java Heap base and to place the Java Heap above 4GB virtual address.
# This output file may be truncated or incomplete.
#
#  Out of Memory Error (os_windows.cpp:3548), pid=18404, tid=6676
#
# JRE version:  (17.0.10+11) (build )
# Java VM: Java HotSpot(TM) 64-Bit Server VM (17.0.10+11-LTS-240, mixed mode, sharing, tiered, compressed oops, compressed class ptrs, g1 gc, windows-amd64)
# No core dump will be written. Minidumps are not enabled by default on client versions of Windows
#

---------------  S U M M A R Y ------------

Command Line: -Dfile.encoding=Cp1252 -XX:+ShowCodeDetailsInExceptionMessages com.example.employee.EmployeeManagementApplication

Host: AMD Ryzen 5 3550H with Radeon Vega Mobile Gfx  , 8 cores, 7G,  Windows 11 , 64 bit Build 26100 (10.0.26100.2454)
Time: Thu Feb 20 23:20:50 2025 India Standard Time elapsed time: 1.113005 seconds (0d 0h 0m 1s)

---------------  T H R E A D  ---------------

Current thread (0x0000022e320aa2c0):  JavaThread "Unknown thread" [_thread_in_vm, id=6676, stack(0x00000080f3400000,0x00000080f3500000)]

Stack: [0x00000080f3400000,0x00000080f3500000]
Native frames: (J=compiled Java code, j=interpreted, Vv=VM code, C=native code)
V  [jvm.dll+0x677a5a]
V  [jvm.dll+0x7d8b2d]
V  [jvm.dll+0x7da48e]
V  [jvm.dll+0x7daaf3]
V  [jvm.dll+0x2455ff]
V  [jvm.dll+0x6749b9]
V  [jvm.dll+0x669382]
V  [jvm.dll+0x302e96]
V  [jvm.dll+0x30a416]
V  [jvm.dll+0x359cbe]
V  [jvm.dll+0x359eef]
V  [jvm.dll+0x2d9e88]
V  [jvm.dll+0x2dadf4]
V  [jvm.dll+0x7aa551]
V  [jvm.dll+0x367911]
V  [jvm.dll+0x789639]
V  [jvm.dll+0x3eb30f]
V  [jvm.dll+0x3ecd91]
C  [jli.dll+0x5297]
C  [ucrtbase.dll+0x14ea0]
C  [KERNEL32.DLL+0x2e8d7]
C  [ntdll.dll+0xdfbcc]


---------------  P R O C E S S  ---------------

Threads class SMR info:
_java_thread_list=0x00007fff86386a18, length=0, elements={
}

Java Threads: ( => current thread )

Other Threads:
  0x0000022e32104360 GCTaskThread "GC Thread#0" [stack: 0x00000080f3500000,0x00000080f3600000] [id=1352]
  0x0000022e32116160 ConcurrentGCThread "G1 Main Marker" [stack: 0x00000080f3600000,0x00000080f3700000] [id=4168]
  0x0000022e32118b90 ConcurrentGCThread "G1 Conc#0" [stack: 0x00000080f3700000,0x00000080f3800000] [id=1580]

[error occurred during error reporting (printing all threads), id 0xc0000005, EXCEPTION_ACCESS_VIOLATION (0xc0000005) at pc=0x00007fff85bbaae7]

VM state: not at safepoint (not fully initialized)

VM Mutex/Monitor currently owned by a thread:  ([mutex/lock_event])
[0x0000022e320a6040] Heap_lock - owner thread: 0x0000022e320aa2c0

Heap address: 0x0000000082e00000, size: 2002 MB, Compressed Oops mode: 32-bit

CDS archive(s) mapped at: [0x0000000000000000-0x0000000000000000-0x0000000000000000), size 0, SharedBaseAddress: 0x0000000800000000, ArchiveRelocationMode: 1.
Narrow klass base: 0x0000000000000000, Narrow klass shift: 0, Narrow klass range: 0x0

GC Precious Log:
<Empty>

Heap:
 garbage-first heap   total 0K, used 0K [0x0000000082e00000, 0x0000000100000000)
  region size 1024K, 0 young (0K), 0 survivors (0K)

[error occurred during error reporting (printing heap information), id 0xc0000005, EXCEPTION_ACCESS_VIOLATION (0xc0000005) at pc=0x00007fff85fa1249]

GC Heap History (0 events):
No events

Deoptimization events (0 events):
No events

Classes unloaded (0 events):
No events

Classes redefined (0 events):
No events

Internal exceptions (0 events):
No events

VM Operations (0 events):
No events

Events (1 events):
Event: 0.013 Loaded shared library C:\Program Files\Java\jdk-17\bin\java.dll


Dynamic libraries:
0x00007ff718f80000 - 0x00007ff718f90000 	C:\Program Files\Java\jdk-17\bin\javaw.exe
0x00007fffd1a40000 - 0x00007fffd1ca3000 	C:\WINDOWS\SYSTEM32\ntdll.dll
0x00007fffcfa30000 - 0x00007fffcfaf8000 	C:\WINDOWS\System32\KERNEL32.DLL
0x00007fffcf160000 - 0x00007fffcf512000 	C:\WINDOWS\System32\KERNELBASE.dll
0x00007fffcf6a0000 - 0x00007fffcf7eb000 	C:\WINDOWS\System32\ucrtbase.dll
0x00007fffa24d0000 - 0x00007fffa24e9000 	C:\Program Files\Java\jdk-17\bin\jli.dll
0x00007fffa5990000 - 0x00007fffa59ab000 	C:\Program Files\Java\jdk-17\bin\VCRUNTIME140.dll
0x00007fffcf8a0000 - 0x00007fffcf954000 	C:\WINDOWS\System32\ADVAPI32.dll
0x00007fffd0f10000 - 0x00007fffd0fb9000 	C:\WINDOWS\System32\msvcrt.dll
0x00007fffcffb0000 - 0x00007fffd0056000 	C:\WINDOWS\System32\sechost.dll
0x00007fffcfc70000 - 0x00007fffcfd86000 	C:\WINDOWS\System32\RPCRT4.dll
0x00007fffd0d40000 - 0x00007fffd0f08000 	C:\WINDOWS\System32\USER32.dll
0x00007fffcf520000 - 0x00007fffcf547000 	C:\WINDOWS\System32\win32u.dll
0x00007fffbbed0000 - 0x00007fffbc160000 	C:\WINDOWS\WinSxS\amd64_microsoft.windows.common-controls_6595b64144ccf1df_6.0.26100.2454_none_3e0b68a2e331ad60\COMCTL32.dll
0x00007fffd0540000 - 0x00007fffd056a000 	C:\WINDOWS\System32\GDI32.dll
0x00007fffcf030000 - 0x00007fffcf15b000 	C:\WINDOWS\System32\gdi32full.dll
0x00007fffcf7f0000 - 0x00007fffcf893000 	C:\WINDOWS\System32\msvcp_win.dll
0x00007fffc8470000 - 0x00007fffc847b000 	C:\WINDOWS\SYSTEM32\VERSION.dll
0x00007fffd1020000 - 0x00007fffd104f000 	C:\WINDOWS\System32\IMM32.DLL
0x00007fffbc7c0000 - 0x00007fffbc7cc000 	C:\Program Files\Java\jdk-17\bin\vcruntime140_1.dll
0x00007fff970a0000 - 0x00007fff9712e000 	C:\Program Files\Java\jdk-17\bin\msvcp140.dll
0x00007fff858d0000 - 0x00007fff864af000 	C:\Program Files\Java\jdk-17\bin\server\jvm.dll
0x00007fffd0570000 - 0x00007fffd0578000 	C:\WINDOWS\System32\PSAPI.DLL
0x00007fffc8430000 - 0x00007fffc8466000 	C:\WINDOWS\SYSTEM32\WINMM.dll
0x00007fffa5ee0000 - 0x00007fffa5eea000 	C:\WINDOWS\SYSTEM32\WSOCK32.dll
0x00007fffcfbf0000 - 0x00007fffcfc64000 	C:\WINDOWS\System32\WS2_32.dll
0x00007fffcdc50000 - 0x00007fffcdc6a000 	C:\WINDOWS\SYSTEM32\kernel.appcore.dll
0x00007fffa24c0000 - 0x00007fffa24ca000 	C:\Program Files\Java\jdk-17\bin\jimage.dll
0x00007fffc1f10000 - 0x00007fffc2151000 	C:\WINDOWS\SYSTEM32\DBGHELP.DLL
0x00007fffd1060000 - 0x00007fffd13de000 	C:\WINDOWS\System32\combase.dll
0x00007fffcfed0000 - 0x00007fffcffa6000 	C:\WINDOWS\System32\OLEAUT32.dll
0x00007fffba5b0000 - 0x00007fffba5e9000 	C:\WINDOWS\SYSTEM32\dbgcore.DLL
0x00007fffcee10000 - 0x00007fffceea9000 	C:\WINDOWS\System32\bcryptPrimitives.dll
0x00007fff9b870000 - 0x00007fff9b895000 	C:\Program Files\Java\jdk-17\bin\java.dll

dbghelp: loaded successfully - version: 4.0.5 - missing functions: none
symbol engine: initialized successfully - sym options: 0x614 - pdb path: .;C:\Program Files\Java\jdk-17\bin;C:\WINDOWS\SYSTEM32;C:\WINDOWS\WinSxS\amd64_microsoft.windows.common-controls_6595b64144ccf1df_6.0.26100.2454_none_3e0b68a2e331ad60;C:\Program Files\Java\jdk-17\bin\server

VM Arguments:
jvm_args: -Dfile.encoding=Cp1252 -XX:+ShowCodeDetailsInExceptionMessages 
java_command: com.example.employee.EmployeeManagementApplication
java_class_path (initial): C:\Users\NIKHIL MOWADE\Downloads\employee-ui\employee-ui\employee-management\target\classes;C:\Users\NIKHIL MOWADE\.m2\repository\org\springframework\boot\spring-boot-starter-data-jpa\3.4.2\spring-boot-starter-data-jpa-3.4.2.jar;C:\Users\NIKHIL MOWADE\.m2\repository\org\springframework\boot\spring-boot-starter\3.4.2\spring-boot-starter-3.4.2.jar;C:\Users\NIKHIL MOWADE\.m2\repository\org\springframework\boot\spring-boot-starter-logging\3.4.2\spring-boot-starter-logging-3.4.2.jar;C:\Users\NIKHIL MOWADE\.m2\repository\ch\qos\logback\logback-classic\1.5.16\logback-classic-1.5.16.jar;C:\Users\NIKHIL MOWADE\.m2\repository\ch\qos\logback\logback-core\1.5.16\logback-core-1.5.16.jar;C:\Users\NIKHIL MOWADE\.m2\repository\org\apache\logging\log4j\log4j-to-slf4j\2.24.3\log4j-to-slf4j-2.24.3.jar;C:\Users\NIKHIL MOWADE\.m2\repository\org\apache\logging\log4j\log4j-api\2.24.3\log4j-api-2.24.3.jar;C:\Users\NIKHIL MOWADE\.m2\repository\org\slf4j\jul-to-slf4j\2.0.16\jul-to-slf4j-2.0.16.jar;C:\Users\NIKHIL MOWADE\.m2\repository\jakarta\annotation\jakarta.annotation-api\2.1.1\jakarta.annotation-api-2.1.1.jar;C:\Users\NIKHIL MOWADE\.m2\repository\org\yaml\snakeyaml\2.3\snakeyaml-2.3.jar;C:\Users\NIKHIL MOWADE\.m2\repository\org\springframework\boot\spring-boot-starter-jdbc\3.4.2\spring-boot-starter-jdbc-3.4.2.jar;C:\Users\NIKHIL MOWADE\.m2\repository\com\zaxxer\HikariCP\5.1.0\HikariCP-5.1.0.jar;C:\Users\NIKHIL MOWADE\.m2\repository\org\springframework\spring-jdbc\6.2.2\spring-jdbc-6.2.2.jar;C:\Users\NIKHIL MOWADE\.m2\repository\org\hibernate\orm\hibernate-core\6.6.5.Final\hibernate-core-6.6.5.Final.jar;C:\Users\NIKHIL MOWADE\.m2\repository\jakarta\persistence\jakarta.persistence-api\3.1.0\jakarta.persistence-api-3.1.0.jar;C:\Users\NIKHIL MOWADE\.m2\repository\jakarta\transaction\jakarta.transaction-api\2.0.1\jakarta.transaction-api-2.0.1.jar;C:\Users\NIKHIL MOWADE\.m2\repository\org\jboss\logging\jboss-logging\3.6.1.Final\jboss-logging-3.6.1.Final.jar;C:\Use
Launcher Type: SUN_STANDARD

[Global flags]
     intx CICompilerCount                          = 4                                         {product} {ergonomic}
     uint ConcGCThreads                            = 2                                         {product} {ergonomic}
     uint G1ConcRefinementThreads                  = 8                                         {product} {ergonomic}
   size_t G1HeapRegionSize                         = 1048576                                   {product} {ergonomic}
    uintx GCDrainStackTargetSize                   = 64                                        {product} {ergonomic}
   size_t InitialHeapSize                          = 132120576                                 {product} {ergonomic}
   size_t MarkStackSize                            = 4194304                                   {product} {ergonomic}
   size_t MaxHeapSize                              = 2099249152                                {product} {ergonomic}
   size_t MinHeapDeltaBytes                        = 1048576                                   {product} {ergonomic}
   size_t MinHeapSize                              = 8388608                                   {product} {ergonomic}
    uintx NonNMethodCodeHeapSize                   = 5839372                                {pd product} {ergonomic}
    uintx NonProfiledCodeHeapSize                  = 122909434                              {pd product} {ergonomic}
    uintx ProfiledCodeHeapSize                     = 122909434                              {pd product} {ergonomic}
    uintx ReservedCodeCacheSize                    = 251658240                              {pd product} {ergonomic}
     bool SegmentedCodeCache                       = true                                      {product} {ergonomic}
     bool ShowCodeDetailsInExceptionMessages       = true                                   {manageable} {command line}
   size_t SoftMaxHeapSize                          = 2099249152                             {manageable} {ergonomic}
     bool UseCompressedClassPointers               = true                           {product lp64_product} {ergonomic}
     bool UseCompressedOops                        = true                           {product lp64_product} {ergonomic}
     bool UseG1GC                                  = true                                      {product} {ergonomic}
     bool UseLargePagesIndividualAllocation        = false                                  {pd product} {ergonomic}

Logging:
Log output configuration:
 #0: stdout all=warning uptime,level,tags
 #1: stderr all=off uptime,level,tags

Environment Variables:
PATH=C:\Program Files\Common Files\Oracle\Java\javapath;C:\ProgramData\Oracle\Java\javapath;C:\Program Files\Python311\Scripts\;C:\Program Files\Python311\;C:\Program Files\Python39\Scripts\;C:\Program Files\Python39\;C:\Windows\system32;C:\Windows;C:\Windows\System32\Wbem;C:\Windows\System32\WindowsPowerShell\v1.0\;C:\Windows\System32\OpenSSH\;C:\Program Files (x86)\NVIDIA Corporation\PhysX\Common;C:\Program Files\NVIDIA Corporation\NVIDIA NvDLISR;C:\MinGW\bin;C:\WINDOWS\system32;C:\WINDOWS;C:\WINDOWS\System32\Wbem;C:\WINDOWS\System32\WindowsPowerShell\v1.0\;C:\WINDOWS\System32\OpenSSH\;C:\Program Files\nodejs;C:\Users\NIKHIL MOWADE\AppData\Roaming\Microsoft\Windows\Start Menu\Programs\Python 3.9;C:\Program Files\MySQL\MySQL Server 8.0\bin;C:\Program Files\MongoDB\Server\5.0\bin;C:\Program Files\Java\jdk-17\bin;C:\Program Files\Azure Data Studio\bin;C:\Program Files\Git\cmd;C:\Program Files\Microsoft SQL Server\Client SDK\ODBC\170\Tools\Binn\;C:\Program Files (x86)\Microsoft SQL Server\160\Tools\Binn\;C:\Program Files\Microsoft SQL Server\160\Tools\Binn\;C:\Program Files\Microsoft SQL Server\160\DTS\Binn\;C:\Program Files (x86)\Microsoft SQL Server\160\DTS\Binn\;C:\Program Files\Microsoft SQL Server\150\Tools\Binn\;C:\Program Files\dotnet\;C:\Program Files\nodejs\;C:\Users\NIKHIL MOWADE\AppData\Local\Programs\Python\Launcher\;C:\Users\NIKHIL MOWADE\AppData\Local\Microsoft\WindowsApps;C:\Users\NIKHIL MOWADE\AppData\Local\Programs\Microsoft VS Code\bin;C:\Users\NIKHIL MOWADE\AppData\Roaming\Microsoft\Windows\Start Menu\Programs\Python 3.9;C:\xampp\php;C:\Program Files\Java\jdk-17\bin;C:\Program Files\Azure Data Studio\bin;C:\Users\NIKHIL MOWADE\.dotnet\tools;C:\Users\NIKHIL MOWADE\AppData\Roaming\npm;
USERNAME=NIKHIL MOWADE
OS=Windows_NT
PROCESSOR_IDENTIFIER=AMD64 Family 23 Model 24 Stepping 1, AuthenticAMD



---------------  S Y S T E M  ---------------

OS:
 Windows 11 , 64 bit Build 26100 (10.0.26100.2454)
OS uptime: 0 days 0:50 hours

CPU: total 8 (initial active 8) (8 cores per cpu, 2 threads per core) family 23 model 24 stepping 1 microcode 0x8108102, cx8, cmov, fxsr, ht, mmx, 3dnowpref, sse, sse2, sse3, ssse3, sse4a, sse4.1, sse4.2, popcnt, lzcnt, tsc, tscinvbit, avx, avx2, aes, clmul, bmi1, bmi2, adx, sha, fma, vzeroupper, clflush, clflushopt

Memory: 4k page, system-wide physical 8000M (827M free)
TotalPageFile size 11000M (AvailPageFile size 35M)
current process WorkingSet (physical memory assigned to process): 12M, peak: 12M
current process commit charge ("private bytes"): 60M, peak: 186M

vm_info: Java HotSpot(TM) 64-Bit Server VM (17.0.10+11-LTS-240) for windows-amd64 JRE (17.0.10+11-LTS-240), built on Dec 19 2023 21:47:25 by "mach5one" with MS VC++ 17.1 (VS2022)

END.
