#
# There is insufficient memory for the Java Runtime Environment to continue.
# Native memory allocation (malloc) failed to allocate 631376 bytes for Chunk::new
# Possible reasons:
#   The system is out of physical RAM or swap space
#   The process is running with CompressedOops enabled, and the Java Heap may be blocking the growth of the native heap
# Possible solutions:
#   Reduce memory load on the system
#   Increase physical memory or swap space
#   Check if swap backing store is full
#   Decrease Java heap size (-Xmx/-Xms)
#   Decrease number of Java threads
#   Decrease Java thread stack sizes (-Xss)
#   Set larger code cache with -XX:ReservedCodeCacheSize=
#   JVM is running with Unscaled Compressed Oops mode in which the Java heap is
#     placed in the first 4GB address space. The Java Heap base address is the
#     maximum limit for the native heap growth. Please use -XX:HeapBaseMinAddress
#     to set the Java Heap base and to place the Java Heap above 4GB virtual address.
# This output file may be truncated or incomplete.
#
#  Out of Memory Error (arena.cpp:189), pid=6928, tid=7724
#
# JRE version: Java(TM) SE Runtime Environment (17.0.10+11) (build 17.0.10+11-LTS-240)
# Java VM: Java HotSpot(TM) 64-Bit Server VM (17.0.10+11-LTS-240, mixed mode, sharing, tiered, compressed oops, compressed class ptrs, g1 gc, windows-amd64)
# No core dump will be written. Minidumps are not enabled by default on client versions of Windows
#

---------------  S U M M A R Y ------------

Command Line: -Dfile.encoding=Cp1252 -XX:+ShowCodeDetailsInExceptionMessages com.example.employee.EmployeeManagementApplication

Host: AMD Ryzen 5 3550H with Radeon Vega Mobile Gfx  , 8 cores, 7G,  Windows 11 , 64 bit Build 26100 (10.0.26100.2454)
Time: Thu Feb 20 22:30:01 2025 India Standard Time elapsed time: 308.345756 seconds (0d 0h 5m 8s)

---------------  T H R E A D  ---------------

Current thread (0x000001ab528911e0):  JavaThread "C2 CompilerThread0" daemon [_thread_in_native, id=7724, stack(0x00000088f4200000,0x00000088f4300000)]


Current CompileTask:
C2: 308345 5728       4       java.util.HashSet::add (20 bytes)

Stack: [0x00000088f4200000,0x00000088f4300000]
Native frames: (J=compiled Java code, j=interpreted, Vv=VM code, C=native code)
V  [jvm.dll+0x677a5a]
V  [jvm.dll+0x7d8b2d]
V  [jvm.dll+0x7da48e]
V  [jvm.dll+0x7daaf3]
V  [jvm.dll+0x2455ff]
V  [jvm.dll+0xaaafb]
V  [jvm.dll+0xab09c]
V  [jvm.dll+0x361b5f]
V  [jvm.dll+0x32c211]
V  [jvm.dll+0x32b6aa]
V  [jvm.dll+0x21794f]
V  [jvm.dll+0x216d81]
V  [jvm.dll+0x1a3410]
V  [jvm.dll+0x226aeb]
V  [jvm.dll+0x224cab]
V  [jvm.dll+0x78e45c]
V  [jvm.dll+0x78888a]
V  [jvm.dll+0x676935]
C  [ucrtbase.dll+0x14ea0]
C  [KERNEL32.DLL+0x2e8d7]
C  [ntdll.dll+0xdfbcc]


---------------  P R O C E S S  ---------------

Threads class SMR info:
_java_thread_list=0x000001ab984bd540, length=31, elements={
0x000001ab5284c7b0, 0x000001ab5284d280, 0x000001ab52864a90, 0x000001ab52867370,
0x000001ab52867c40, 0x000001ab52870520, 0x000001ab528911e0, 0x000001ab528954b0,
0x000001ab528a6580, 0x000001ab52af4540, 0x000001ab52b008a0, 0x000001ab98cff180,
0x000001ab98cfe760, 0x000001ab98cfd320, 0x000001ab98cff690, 0x000001ab98cfd830,
0x000001ab98cfec70, 0x000001ab52a095e0, 0x000001ab52a0be60, 0x000001ab52a086b0,
0x000001ab52a0c370, 0x000001ab52a0b950, 0x000001ab52a09af0, 0x000001ab52a0aa20,
0x000001ab52a08bc0, 0x000001ab52a0c880, 0x000001ab52a090d0, 0x000001ab52a0cd90,
0x000001ab52a0a000, 0x000001ab52a0d7b0, 0x000001ab52a0dcc0
}

Java Threads: ( => current thread )
  0x000001ab5284c7b0 JavaThread "Reference Handler" daemon [_thread_blocked, id=6228, stack(0x00000088f3c00000,0x00000088f3d00000)]
  0x000001ab5284d280 JavaThread "Finalizer" daemon [_thread_blocked, id=8264, stack(0x00000088f3d00000,0x00000088f3e00000)]
  0x000001ab52864a90 JavaThread "Signal Dispatcher" daemon [_thread_blocked, id=9620, stack(0x00000088f3e00000,0x00000088f3f00000)]
  0x000001ab52867370 JavaThread "Attach Listener" daemon [_thread_blocked, id=16212, stack(0x00000088f3f00000,0x00000088f4000000)]
  0x000001ab52867c40 JavaThread "Service Thread" daemon [_thread_blocked, id=9960, stack(0x00000088f4000000,0x00000088f4100000)]
  0x000001ab52870520 JavaThread "Monitor Deflation Thread" daemon [_thread_blocked, id=4444, stack(0x00000088f4100000,0x00000088f4200000)]
=>0x000001ab528911e0 JavaThread "C2 CompilerThread0" daemon [_thread_in_native, id=7724, stack(0x00000088f4200000,0x00000088f4300000)]
  0x000001ab528954b0 JavaThread "C1 CompilerThread0" daemon [_thread_blocked, id=16976, stack(0x00000088f4300000,0x00000088f4400000)]
  0x000001ab528a6580 JavaThread "Sweeper thread" daemon [_thread_blocked, id=11804, stack(0x00000088f4400000,0x00000088f4500000)]
  0x000001ab52af4540 JavaThread "Notification Thread" daemon [_thread_blocked, id=10092, stack(0x00000088f4500000,0x00000088f4600000)]
  0x000001ab52b008a0 JavaThread "Common-Cleaner" daemon [_thread_blocked, id=8328, stack(0x00000088f4700000,0x00000088f4800000)]
  0x000001ab98cff180 JavaThread "Catalina-utility-1" [_thread_blocked, id=7704, stack(0x00000088f5400000,0x00000088f5500000)]
  0x000001ab98cfe760 JavaThread "Catalina-utility-2" [_thread_blocked, id=15552, stack(0x00000088f5500000,0x00000088f5600000)]
  0x000001ab98cfd320 JavaThread "container-0" [_thread_blocked, id=11312, stack(0x00000088f5600000,0x00000088f5700000)]
  0x000001ab98cff690 JavaThread "mysql-cj-abandoned-connection-cleanup" daemon [_thread_blocked, id=12620, stack(0x00000088f5700000,0x00000088f5800000)]
  0x000001ab98cfd830 JavaThread "HikariPool-1 housekeeper" daemon [_thread_blocked, id=10096, stack(0x00000088f5800000,0x00000088f5900000)]
  0x000001ab98cfec70 JavaThread "File Watcher" daemon [_thread_blocked, id=13364, stack(0x00000088f5a00000,0x00000088f5b00000)]
  0x000001ab52a095e0 JavaThread "Live Reload Server" daemon [_thread_in_native, id=15304, stack(0x00000088f5c00000,0x00000088f5d00000)]
  0x000001ab52a0be60 JavaThread "http-nio-5454-exec-1" daemon [_thread_blocked, id=15316, stack(0x00000088f5b00000,0x00000088f5c00000)]
  0x000001ab52a086b0 JavaThread "http-nio-5454-exec-2" daemon [_thread_blocked, id=5968, stack(0x00000088f5d00000,0x00000088f5e00000)]
  0x000001ab52a0c370 JavaThread "http-nio-5454-exec-3" daemon [_thread_blocked, id=13460, stack(0x00000088f5e00000,0x00000088f5f00000)]
  0x000001ab52a0b950 JavaThread "http-nio-5454-exec-4" daemon [_thread_blocked, id=11560, stack(0x00000088f5f00000,0x00000088f6000000)]
  0x000001ab52a09af0 JavaThread "http-nio-5454-exec-5" daemon [_thread_blocked, id=9132, stack(0x00000088f6000000,0x00000088f6100000)]
  0x000001ab52a0aa20 JavaThread "http-nio-5454-exec-6" daemon [_thread_blocked, id=2400, stack(0x00000088f6100000,0x00000088f6200000)]
  0x000001ab52a08bc0 JavaThread "http-nio-5454-exec-7" daemon [_thread_blocked, id=6616, stack(0x00000088f6200000,0x00000088f6300000)]
  0x000001ab52a0c880 JavaThread "http-nio-5454-exec-8" daemon [_thread_blocked, id=9540, stack(0x00000088f6300000,0x00000088f6400000)]
  0x000001ab52a090d0 JavaThread "http-nio-5454-exec-9" daemon [_thread_blocked, id=12700, stack(0x00000088f6400000,0x00000088f6500000)]
  0x000001ab52a0cd90 JavaThread "http-nio-5454-exec-10" daemon [_thread_blocked, id=17344, stack(0x00000088f6500000,0x00000088f6600000)]
  0x000001ab52a0a000 JavaThread "http-nio-5454-Poller" daemon [_thread_in_native, id=12968, stack(0x00000088f6600000,0x00000088f6700000)]
  0x000001ab52a0d7b0 JavaThread "http-nio-5454-Acceptor" daemon [_thread_in_native, id=6408, stack(0x00000088f6700000,0x00000088f6800000)]
  0x000001ab52a0dcc0 JavaThread "DestroyJavaVM" [_thread_blocked, id=7004, stack(0x00000088f3500000,0x00000088f3600000)]

Other Threads:
  0x000001ab52846df0 VMThread "VM Thread" [stack: 0x00000088f3b00000,0x00000088f3c00000] [id=13996]
  0x000001ab3487c710 WatcherThread [stack: 0x00000088f4600000,0x00000088f4700000] [id=11716]
  0x000001ab348549b0 GCTaskThread "GC Thread#0" [stack: 0x00000088f3600000,0x00000088f3700000] [id=8960]
  0x000001ab98a33ec0 GCTaskThread "GC Thread#1" [stack: 0x00000088f4b00000,0x00000088f4c00000] [id=10336]
  0x000001ab98a34180 GCTaskThread "GC Thread#2" [stack: 0x00000088f4c00000,0x00000088f4d00000] [id=16196]
  0x000001ab98528050 GCTaskThread "GC Thread#3" [stack: 0x00000088f4d00000,0x00000088f4e00000] [id=12772]
  0x000001ab98ca3830 GCTaskThread "GC Thread#4" [stack: 0x00000088f4e00000,0x00000088f4f00000] [id=18140]
  0x000001ab98ada3c0 GCTaskThread "GC Thread#5" [stack: 0x00000088f4f00000,0x00000088f5000000] [id=11836]
  0x000001ab98e68fc0 GCTaskThread "GC Thread#6" [stack: 0x00000088f5100000,0x00000088f5200000] [id=17468]
  0x000001ab990f03c0 GCTaskThread "GC Thread#7" [stack: 0x00000088f5200000,0x00000088f5300000] [id=4352]
  0x000001ab34865340 ConcurrentGCThread "G1 Main Marker" [stack: 0x00000088f3700000,0x00000088f3800000] [id=5044]
  0x000001ab348691e0 ConcurrentGCThread "G1 Conc#0" [stack: 0x00000088f3800000,0x00000088f3900000] [id=17232]
  0x000001ab9904b5a0 ConcurrentGCThread "G1 Conc#1" [stack: 0x00000088f5000000,0x00000088f5100000] [id=3468]
  0x000001ab348be530 ConcurrentGCThread "G1 Refine#0" [stack: 0x00000088f3900000,0x00000088f3a00000] [id=5596]
  0x000001ab526fd120 ConcurrentGCThread "G1 Service" [stack: 0x00000088f3a00000,0x00000088f3b00000] [id=15968]

Threads with active compile tasks:
C2 CompilerThread0   308367 5728       4       java.util.HashSet::add (20 bytes)

VM state: not at safepoint (normal execution)

VM Mutex/Monitor currently owned by a thread: None

Heap address: 0x0000000082e00000, size: 2002 MB, Compressed Oops mode: 32-bit

CDS archive(s) mapped at: [0x000001ab53000000-0x000001ab53bd0000-0x000001ab53bd0000), size 12386304, SharedBaseAddress: 0x000001ab53000000, ArchiveRelocationMode: 1.
Compressed class space mapped at: 0x000001ab54000000-0x000001ab94000000, reserved size: 1073741824
Narrow klass base: 0x000001ab53000000, Narrow klass shift: 0, Narrow klass range: 0x100000000

GC Precious Log:
 CPUs: 8 total, 8 available
 Memory: 8000M
 Large Page Support: Disabled
 NUMA Support: Disabled
 Compressed Oops: Enabled (32-bit)
 Heap Region Size: 1M
 Heap Min Capacity: 8M
 Heap Initial Capacity: 126M
 Heap Max Capacity: 2002M
 Pre-touch: Disabled
 Parallel Workers: 8
 Concurrent Workers: 2
 Concurrent Refinement Workers: 8
 Periodic GC: Disabled

Heap:
 garbage-first heap   total 55296K, used 30106K [0x0000000082e00000, 0x0000000100000000)
  region size 1024K, 5 young (5120K), 2 survivors (2048K)
 Metaspace       used 63093K, committed 63680K, reserved 1114112K
  class space    used 8565K, committed 8832K, reserved 1048576K

Heap Regions: E=young(eden), S=young(survivor), O=old, HS=humongous(starts), HC=humongous(continues), CS=collection set, F=free, OA=open archive, CA=closed archive, TAMS=top-at-mark-start (previous, next)
|   0|0x0000000082e00000, 0x0000000082f00000, 0x0000000082f00000|100%|HS|  |TAMS 0x0000000082f00000, 0x0000000082e00000| Complete 
|   1|0x0000000082f00000, 0x0000000083000000, 0x0000000083000000|100%|HS|  |TAMS 0x0000000083000000, 0x0000000082f00000| Complete 
|   2|0x0000000083000000, 0x0000000083100000, 0x0000000083100000|100%| O|  |TAMS 0x0000000083100000, 0x0000000083000000| Untracked 
|   3|0x0000000083100000, 0x0000000083200000, 0x0000000083200000|100%| O|  |TAMS 0x0000000083200000, 0x0000000083100000| Untracked 
|   4|0x0000000083200000, 0x0000000083300000, 0x0000000083300000|100%| O|  |TAMS 0x0000000083300000, 0x0000000083200000| Untracked 
|   5|0x0000000083300000, 0x0000000083400000, 0x0000000083400000|100%| O|  |TAMS 0x0000000083400000, 0x0000000083300000| Untracked 
|   6|0x0000000083400000, 0x0000000083500000, 0x0000000083500000|100%| O|  |TAMS 0x0000000083500000, 0x0000000083400000| Untracked 
|   7|0x0000000083500000, 0x000000008352ac00, 0x0000000083600000| 16%| O|  |TAMS 0x000000008352ac00, 0x0000000083500000| Untracked 
|   8|0x0000000083600000, 0x0000000083700000, 0x0000000083700000|100%| O|  |TAMS 0x0000000083700000, 0x0000000083600000| Untracked 
|   9|0x0000000083700000, 0x0000000083800000, 0x0000000083800000|100%| O|  |TAMS 0x0000000083800000, 0x0000000083700000| Untracked 
|  10|0x0000000083800000, 0x0000000083900000, 0x0000000083900000|100%| O|  |TAMS 0x0000000083900000, 0x0000000083800000| Untracked 
|  11|0x0000000083900000, 0x0000000083a00000, 0x0000000083a00000|100%| O|  |TAMS 0x0000000083a00000, 0x0000000083900000| Untracked 
|  12|0x0000000083a00000, 0x0000000083b00000, 0x0000000083b00000|100%| O|  |TAMS 0x0000000083b00000, 0x0000000083a00000| Untracked 
|  13|0x0000000083b00000, 0x0000000083c00000, 0x0000000083c00000|100%| O|  |TAMS 0x0000000083c00000, 0x0000000083b00000| Untracked 
|  14|0x0000000083c00000, 0x0000000083d00000, 0x0000000083d00000|100%| O|  |TAMS 0x0000000083d00000, 0x0000000083c00000| Untracked 
|  15|0x0000000083d00000, 0x0000000083e00000, 0x0000000083e00000|100%| O|  |TAMS 0x0000000083e00000, 0x0000000083d00000| Untracked 
|  16|0x0000000083e00000, 0x0000000083f00000, 0x0000000083f00000|100%| O|  |TAMS 0x0000000083f00000, 0x0000000083e00000| Untracked 
|  17|0x0000000083f00000, 0x0000000084000000, 0x0000000084000000|100%| O|  |TAMS 0x0000000084000000, 0x0000000083f00000| Untracked 
|  18|0x0000000084000000, 0x0000000084100000, 0x0000000084100000|100%| O|  |TAMS 0x0000000084100000, 0x0000000084000000| Untracked 
|  19|0x0000000084100000, 0x0000000084200000, 0x0000000084200000|100%| O|  |TAMS 0x0000000084200000, 0x0000000084100000| Untracked 
|  20|0x0000000084200000, 0x0000000084300000, 0x0000000084300000|100%| O|  |TAMS 0x0000000084300000, 0x0000000084200000| Untracked 
|  21|0x0000000084300000, 0x0000000084400000, 0x0000000084400000|100%| O|  |TAMS 0x0000000084400000, 0x0000000084300000| Untracked 
|  22|0x0000000084400000, 0x0000000084500000, 0x0000000084500000|100%| O|  |TAMS 0x0000000084500000, 0x0000000084400000| Untracked 
|  23|0x0000000084500000, 0x0000000084600000, 0x0000000084600000|100%| O|  |TAMS 0x0000000084600000, 0x0000000084500000| Untracked 
|  24|0x0000000084600000, 0x0000000084700000, 0x0000000084700000|100%| O|  |TAMS 0x0000000084700000, 0x0000000084600000| Untracked 
|  25|0x0000000084700000, 0x0000000084800000, 0x0000000084800000|100%| O|  |TAMS 0x0000000084717400, 0x0000000084700000| Untracked 
|  26|0x0000000084800000, 0x0000000084900000, 0x0000000084900000|100%| O|  |TAMS 0x0000000084800000, 0x0000000084800000| Untracked 
|  27|0x0000000084900000, 0x000000008492ec00, 0x0000000084a00000| 18%| O|  |TAMS 0x0000000084900000, 0x0000000084900000| Untracked 
|  28|0x0000000084a00000, 0x0000000084a00000, 0x0000000084b00000|  0%| F|  |TAMS 0x0000000084a00000, 0x0000000084a00000| Untracked 
|  29|0x0000000084b00000, 0x0000000084b00000, 0x0000000084c00000|  0%| F|  |TAMS 0x0000000084b00000, 0x0000000084b00000| Untracked 
|  30|0x0000000084c00000, 0x0000000084c00000, 0x0000000084d00000|  0%| F|  |TAMS 0x0000000084c00000, 0x0000000084c00000| Untracked 
|  31|0x0000000084d00000, 0x0000000084d00000, 0x0000000084e00000|  0%| F|  |TAMS 0x0000000084d00000, 0x0000000084d00000| Untracked 
|  32|0x0000000084e00000, 0x0000000084e00000, 0x0000000084f00000|  0%| F|  |TAMS 0x0000000084e00000, 0x0000000084e00000| Untracked 
|  33|0x0000000084f00000, 0x0000000084f00000, 0x0000000085000000|  0%| F|  |TAMS 0x0000000084f00000, 0x0000000084f00000| Untracked 
|  34|0x0000000085000000, 0x0000000085000000, 0x0000000085100000|  0%| F|  |TAMS 0x0000000085000000, 0x0000000085000000| Untracked 
|  35|0x0000000085100000, 0x0000000085100000, 0x0000000085200000|  0%| F|  |TAMS 0x0000000085100000, 0x0000000085100000| Untracked 
|  36|0x0000000085200000, 0x0000000085200000, 0x0000000085300000|  0%| F|  |TAMS 0x0000000085200000, 0x0000000085200000| Untracked 
|  37|0x0000000085300000, 0x000000008530d0f0, 0x0000000085400000|  5%| S|CS|TAMS 0x0000000085300000, 0x0000000085300000| Complete 
|  38|0x0000000085400000, 0x0000000085500000, 0x0000000085500000|100%| S|CS|TAMS 0x0000000085400000, 0x0000000085400000| Complete 
|  39|0x0000000085500000, 0x0000000085500000, 0x0000000085600000|  0%| F|  |TAMS 0x0000000085500000, 0x0000000085500000| Untracked 
|  40|0x0000000085600000, 0x0000000085600000, 0x0000000085700000|  0%| F|  |TAMS 0x0000000085600000, 0x0000000085600000| Untracked 
|  41|0x0000000085700000, 0x0000000085700000, 0x0000000085800000|  0%| F|  |TAMS 0x0000000085700000, 0x0000000085700000| Untracked 
|  42|0x0000000085800000, 0x0000000085800000, 0x0000000085900000|  0%| F|  |TAMS 0x0000000085800000, 0x0000000085800000| Untracked 
|  43|0x0000000085900000, 0x0000000085900000, 0x0000000085a00000|  0%| F|  |TAMS 0x0000000085900000, 0x0000000085900000| Untracked 
|  44|0x0000000085a00000, 0x0000000085a00000, 0x0000000085b00000|  0%| F|  |TAMS 0x0000000085a00000, 0x0000000085a00000| Untracked 
|  45|0x0000000085b00000, 0x0000000085b00000, 0x0000000085c00000|  0%| F|  |TAMS 0x0000000085b00000, 0x0000000085b00000| Untracked 
|  62|0x0000000086c00000, 0x0000000086c00000, 0x0000000086d00000|  0%| F|  |TAMS 0x0000000086c00000, 0x0000000086c00000| Untracked 
|  63|0x0000000086d00000, 0x0000000086d00000, 0x0000000086e00000|  0%| F|  |TAMS 0x0000000086d00000, 0x0000000086d00000| Untracked 
|  64|0x0000000086e00000, 0x0000000086e00000, 0x0000000086f00000|  0%| F|  |TAMS 0x0000000086e00000, 0x0000000086e00000| Untracked 
|  65|0x0000000086f00000, 0x0000000086f00000, 0x0000000087000000|  0%| F|  |TAMS 0x0000000086f00000, 0x0000000086f00000| Untracked 
|  66|0x0000000087000000, 0x0000000087000000, 0x0000000087100000|  0%| F|  |TAMS 0x0000000087000000, 0x0000000087000000| Untracked 
|  67|0x0000000087100000, 0x0000000087196bb8, 0x0000000087200000| 58%| E|  |TAMS 0x0000000087100000, 0x0000000087100000| Complete 
|  68|0x0000000087200000, 0x0000000087300000, 0x0000000087300000|100%| E|CS|TAMS 0x0000000087200000, 0x0000000087200000| Complete 
| 125|0x000000008ab00000, 0x000000008ac00000, 0x000000008ac00000|100%| E|CS|TAMS 0x000000008ab00000, 0x000000008ab00000| Complete 

Card table byte_map: [0x000001ab4b7c0000,0x000001ab4bbb0000] _byte_map_base: 0x000001ab4b3a9000

Marking Bits (Prev, Next): (CMBitMap*) 0x000001ab34854fd0, (CMBitMap*) 0x000001ab34855010
 Prev Bits: [0x000001ab4bfa0000, 0x000001ab4dee8000)
 Next Bits: [0x000001ab4def0000, 0x000001ab4fe38000)

Polling page: 0x000001ab32780000

Metaspace:

Usage:
  Non-class:     53.25 MB used.
      Class:      8.36 MB used.
       Both:     61.61 MB used.

Virtual space:
  Non-class space:       64.00 MB reserved,      53.56 MB ( 84%) committed,  1 nodes.
      Class space:        1.00 GB reserved,       8.62 MB ( <1%) committed,  1 nodes.
             Both:        1.06 GB reserved,      62.19 MB (  6%) committed. 

Chunk freelists:
   Non-Class:  10.09 MB
       Class:  7.35 MB
        Both:  17.45 MB

MaxMetaspaceSize: unlimited
CompressedClassSpaceSize: 1.00 GB
Initial GC threshold: 21.00 MB
Current GC threshold: 103.56 MB
CDS: on
MetaspaceReclaimPolicy: balanced
 - commit_granule_bytes: 65536.
 - commit_granule_words: 8192.
 - virtual_space_node_default_size: 8388608.
 - enlarge_chunks_in_place: 1.
 - new_chunks_are_fully_committed: 0.
 - uncommit_free_chunks: 1.
 - use_allocation_guard: 0.
 - handle_deallocations: 1.


Internal statistics:

num_allocs_failed_limit: 9.
num_arena_births: 764.
num_arena_deaths: 0.
num_vsnodes_births: 2.
num_vsnodes_deaths: 0.
num_space_committed: 995.
num_space_uncommitted: 0.
num_chunks_returned_to_freelist: 9.
num_chunks_taken_from_freelist: 2974.
num_chunk_merges: 9.
num_chunk_splits: 2154.
num_chunks_enlarged: 1666.
num_inconsistent_stats: 0.

CodeHeap 'non-profiled nmethods': size=120000Kb used=3462Kb max_used=3462Kb free=116537Kb
 bounds [0x000001ab43b70000, 0x000001ab43f00000, 0x000001ab4b0a0000]
CodeHeap 'profiled nmethods': size=120000Kb used=9832Kb max_used=10629Kb free=110167Kb
 bounds [0x000001ab3c0a0000, 0x000001ab3cb10000, 0x000001ab435d0000]
CodeHeap 'non-nmethods': size=5760Kb used=1346Kb max_used=1425Kb free=4413Kb
 bounds [0x000001ab435d0000, 0x000001ab43840000, 0x000001ab43b70000]
 total_blobs=5611 nmethods=4935 adapters=588
 compilation: enabled
              stopped_count=0, restarted_count=0
 full_count=0

Compilation events (20 events):
Event: 278.938 Thread 0x000001ab528954b0 nmethod 5719 0x000001ab3c43a890 code [0x000001ab3c43aa40, 0x000001ab3c43ac88]
Event: 278.938 Thread 0x000001ab528954b0 5720   !   3       sun.nio.ch.WEPollSelectorImpl::doSelect (107 bytes)
Event: 278.939 Thread 0x000001ab528954b0 nmethod 5720 0x000001ab3c439590 code [0x000001ab3c439820, 0x000001ab3c43a238]
Event: 279.951 Thread 0x000001ab528954b0 5721       3       java.util.concurrent.atomic.AtomicLong::set (12 bytes)
Event: 279.951 Thread 0x000001ab528954b0 nmethod 5721 0x000001ab3c59cc90 code [0x000001ab3c59ce20, 0x000001ab3c59cf58]
Event: 279.951 Thread 0x000001ab528954b0 5722   !   3       org.apache.tomcat.util.net.NioEndpoint$Poller::timeout (501 bytes)
Event: 279.954 Thread 0x000001ab528954b0 nmethod 5722 0x000001ab3c10e710 code [0x000001ab3c10ec00, 0x000001ab3c1119c8]
Event: 279.954 Thread 0x000001ab528954b0 5723       3       sun.nio.ch.SelectorImpl::keys (9 bytes)
Event: 279.954 Thread 0x000001ab528954b0 nmethod 5723 0x000001ab3c59c690 code [0x000001ab3c59c840, 0x000001ab3c59cb28]
Event: 283.438 Thread 0x000001ab528954b0 5724       3       org.springframework.boot.devtools.filewatch.DirectorySnapshot::<init> (70 bytes)
Event: 283.439 Thread 0x000001ab528954b0 nmethod 5724 0x000001ab3c59a510 code [0x000001ab3c59a880, 0x000001ab3c59bf68]
Event: 283.439 Thread 0x000001ab528954b0 5725       3       org.springframework.boot.devtools.filewatch.DirectorySnapshot$$Lambda$1454/0x000001ab5489a010::<init> (10 bytes)
Event: 283.439 Thread 0x000001ab528954b0 nmethod 5725 0x000001ab3c599f90 code [0x000001ab3c59a120, 0x000001ab3c59a2d8]
Event: 283.844 Thread 0x000001ab528954b0 5726       3       org.springframework.boot.devtools.filewatch.FileSystemWatcher$Watcher::scan (63 bytes)
Event: 283.845 Thread 0x000001ab528954b0 nmethod 5726 0x000001ab3c1fe590 code [0x000001ab3c1fe7a0, 0x000001ab3c1febe8]
Event: 293.388 Thread 0x000001ab528954b0 5727       3       java.util.HashMap::valuesToArray (81 bytes)
Event: 293.389 Thread 0x000001ab528954b0 nmethod 5727 0x000001ab3c1fdd10 code [0x000001ab3c1fdee0, 0x000001ab3c1fe398]
Event: 304.298 Thread 0x000001ab528911e0 5728       4       java.util.HashSet::add (20 bytes)
Event: 305.400 Thread 0x000001ab528954b0 5729   !   3       java.util.concurrent.ScheduledThreadPoolExecutor$DelayedWorkQueue::offer (123 bytes)
Event: 306.329 Thread 0x000001ab528954b0 nmethod 5729 0x000001ab3c1fbb10 code [0x000001ab3c1fbe00, 0x000001ab3c1fd278]

GC Heap History (20 events):
Event: 13.233 GC heap before
{Heap before GC invocations=5 (full 0):
 garbage-first heap   total 55296K, used 38085K [0x0000000082e00000, 0x0000000100000000)
  region size 1024K, 24 young (24576K), 3 survivors (3072K)
 Metaspace       used 29010K, committed 29440K, reserved 1114112K
  class space    used 3722K, committed 3904K, reserved 1048576K
}
Event: 13.240 GC heap after
{Heap after GC invocations=6 (full 0):
 garbage-first heap   total 55296K, used 18097K [0x0000000082e00000, 0x0000000100000000)
  region size 1024K, 2 young (2048K), 2 survivors (2048K)
 Metaspace       used 29010K, committed 29440K, reserved 1114112K
  class space    used 3722K, committed 3904K, reserved 1048576K
}
Event: 15.243 GC heap before
{Heap before GC invocations=6 (full 0):
 garbage-first heap   total 55296K, used 39601K [0x0000000082e00000, 0x0000000100000000)
  region size 1024K, 23 young (23552K), 2 survivors (2048K)
 Metaspace       used 33818K, committed 34240K, reserved 1114112K
  class space    used 4418K, committed 4608K, reserved 1048576K
}
Event: 15.246 GC heap after
{Heap after GC invocations=7 (full 0):
 garbage-first heap   total 55296K, used 19053K [0x0000000082e00000, 0x0000000100000000)
  region size 1024K, 3 young (3072K), 3 survivors (3072K)
 Metaspace       used 33818K, committed 34240K, reserved 1114112K
  class space    used 4418K, committed 4608K, reserved 1048576K
}
Event: 15.848 GC heap before
{Heap before GC invocations=7 (full 0):
 garbage-first heap   total 55296K, used 27245K [0x0000000082e00000, 0x0000000100000000)
  region size 1024K, 12 young (12288K), 3 survivors (3072K)
 Metaspace       used 35546K, committed 35968K, reserved 1114112K
  class space    used 4763K, committed 4992K, reserved 1048576K
}
Event: 15.853 GC heap after
{Heap after GC invocations=8 (full 0):
 garbage-first heap   total 55296K, used 19554K [0x0000000082e00000, 0x0000000100000000)
  region size 1024K, 2 young (2048K), 2 survivors (2048K)
 Metaspace       used 35546K, committed 35968K, reserved 1114112K
  class space    used 4763K, committed 4992K, reserved 1048576K
}
Event: 17.435 GC heap before
{Heap before GC invocations=9 (full 0):
 garbage-first heap   total 55296K, used 40034K [0x0000000082e00000, 0x0000000100000000)
  region size 1024K, 23 young (23552K), 2 survivors (2048K)
 Metaspace       used 44733K, committed 45184K, reserved 1114112K
  class space    used 5883K, committed 6080K, reserved 1048576K
}
Event: 17.440 GC heap after
{Heap after GC invocations=10 (full 0):
 garbage-first heap   total 55296K, used 21706K [0x0000000082e00000, 0x0000000100000000)
  region size 1024K, 3 young (3072K), 3 survivors (3072K)
 Metaspace       used 44733K, committed 45184K, reserved 1114112K
  class space    used 5883K, committed 6080K, reserved 1048576K
}
Event: 18.157 GC heap before
{Heap before GC invocations=10 (full 0):
 garbage-first heap   total 55296K, used 41162K [0x0000000082e00000, 0x0000000100000000)
  region size 1024K, 22 young (22528K), 3 survivors (3072K)
 Metaspace       used 48773K, committed 49152K, reserved 1114112K
  class space    used 6362K, committed 6528K, reserved 1048576K
}
Event: 18.162 GC heap after
{Heap after GC invocations=11 (full 0):
 garbage-first heap   total 55296K, used 23083K [0x0000000082e00000, 0x0000000100000000)
  region size 1024K, 2 young (2048K), 2 survivors (2048K)
 Metaspace       used 48773K, committed 49152K, reserved 1114112K
  class space    used 6362K, committed 6528K, reserved 1048576K
}
Event: 18.839 GC heap before
{Heap before GC invocations=11 (full 0):
 garbage-first heap   total 55296K, used 40491K [0x0000000082e00000, 0x0000000100000000)
  region size 1024K, 20 young (20480K), 2 survivors (2048K)
 Metaspace       used 54243K, committed 54784K, reserved 1114112K
  class space    used 7313K, committed 7552K, reserved 1048576K
}
Event: 18.842 GC heap after
{Heap after GC invocations=12 (full 0):
 garbage-first heap   total 55296K, used 23561K [0x0000000082e00000, 0x0000000100000000)
  region size 1024K, 2 young (2048K), 2 survivors (2048K)
 Metaspace       used 54243K, committed 54784K, reserved 1114112K
  class space    used 7313K, committed 7552K, reserved 1048576K
}
Event: 19.485 GC heap before
{Heap before GC invocations=12 (full 0):
 garbage-first heap   total 55296K, used 41993K [0x0000000082e00000, 0x0000000100000000)
  region size 1024K, 20 young (20480K), 2 survivors (2048K)
 Metaspace       used 58291K, committed 58816K, reserved 1114112K
  class space    used 7861K, committed 8128K, reserved 1048576K
}
Event: 19.490 GC heap after
{Heap after GC invocations=13 (full 0):
 garbage-first heap   total 55296K, used 24842K [0x0000000082e00000, 0x0000000100000000)
  region size 1024K, 2 young (2048K), 2 survivors (2048K)
 Metaspace       used 58291K, committed 58816K, reserved 1114112K
  class space    used 7861K, committed 8128K, reserved 1048576K
}
Event: 19.792 GC heap before
{Heap before GC invocations=13 (full 0):
 garbage-first heap   total 55296K, used 28938K [0x0000000082e00000, 0x0000000100000000)
  region size 1024K, 7 young (7168K), 2 survivors (2048K)
 Metaspace       used 59635K, committed 60160K, reserved 1114112K
  class space    used 8014K, committed 8320K, reserved 1048576K
}
Event: 19.798 GC heap after
{Heap after GC invocations=14 (full 0):
 garbage-first heap   total 55296K, used 25218K [0x0000000082e00000, 0x0000000100000000)
  region size 1024K, 2 young (2048K), 2 survivors (2048K)
 Metaspace       used 59635K, committed 60160K, reserved 1114112K
  class space    used 8014K, committed 8320K, reserved 1048576K
}
Event: 21.056 GC heap before
{Heap before GC invocations=15 (full 0):
 garbage-first heap   total 55296K, used 43650K [0x0000000082e00000, 0x0000000100000000)
  region size 1024K, 20 young (20480K), 2 survivors (2048K)
 Metaspace       used 61529K, committed 62080K, reserved 1114112K
  class space    used 8363K, committed 8640K, reserved 1048576K
}
Event: 21.062 GC heap after
{Heap after GC invocations=16 (full 0):
 garbage-first heap   total 55296K, used 27326K [0x0000000082e00000, 0x0000000100000000)
  region size 1024K, 3 young (3072K), 3 survivors (3072K)
 Metaspace       used 61529K, committed 62080K, reserved 1114112K
  class space    used 8363K, committed 8640K, reserved 1048576K
}
Event: 201.022 GC heap before
{Heap before GC invocations=16 (full 0):
 garbage-first heap   total 55296K, used 42686K [0x0000000082e00000, 0x0000000100000000)
  region size 1024K, 18 young (18432K), 3 survivors (3072K)
 Metaspace       used 63050K, committed 63616K, reserved 1114112K
  class space    used 8565K, committed 8832K, reserved 1048576K
}
Event: 201.026 GC heap after
{Heap after GC invocations=17 (full 0):
 garbage-first heap   total 55296K, used 28058K [0x0000000082e00000, 0x0000000100000000)
  region size 1024K, 2 young (2048K), 2 survivors (2048K)
 Metaspace       used 63050K, committed 63616K, reserved 1114112K
  class space    used 8565K, committed 8832K, reserved 1048576K
}

Deoptimization events (20 events):
Event: 21.178 Thread 0x000001ab9873b5e0 Uncommon trap: trap_request=0xffffffde fr.pc=0x000001ab43befb50 relative=0x0000000000000110
Event: 21.178 Thread 0x000001ab9873b5e0 Uncommon trap: reason=class_check action=maybe_recompile pc=0x000001ab43befb50 method=org.springframework.boot.context.properties.source.ConfigurationPropertyName$Elements.charAt(II)C @ 43 c2
Event: 21.178 Thread 0x000001ab9873b5e0 DEOPT PACKING pc=0x000001ab43befb50 sp=0x00000088f4afb440
Event: 21.178 Thread 0x000001ab9873b5e0 DEOPT UNPACKING pc=0x000001ab436223a3 sp=0x00000088f4afb3b8 mode 2
Event: 21.206 Thread 0x000001ab9873b5e0 Uncommon trap: trap_request=0xfffffff4 fr.pc=0x000001ab43cd8498 relative=0x0000000000000258
Event: 21.206 Thread 0x000001ab9873b5e0 Uncommon trap: reason=null_check action=make_not_entrant pc=0x000001ab43cd8498 method=org.springframework.util.ClassUtils.isAssignable(Ljava/lang/Class;Ljava/lang/Class;)Z @ 14 c2
Event: 21.206 Thread 0x000001ab9873b5e0 DEOPT PACKING pc=0x000001ab43cd8498 sp=0x00000088f4afdef0
Event: 21.206 Thread 0x000001ab9873b5e0 DEOPT UNPACKING pc=0x000001ab436223a3 sp=0x00000088f4afde80 mode 2
Event: 21.343 Thread 0x000001ab9873b5e0 Uncommon trap: trap_request=0xffffff45 fr.pc=0x000001ab43c05660 relative=0x0000000000000060
Event: 21.343 Thread 0x000001ab9873b5e0 Uncommon trap: reason=unstable_if action=reinterpret pc=0x000001ab43c05660 method=org.springframework.util.ConcurrentReferenceHashMap$Segment.clear()V @ 7 c2
Event: 21.343 Thread 0x000001ab9873b5e0 DEOPT PACKING pc=0x000001ab43c05660 sp=0x00000088f4afe990
Event: 21.343 Thread 0x000001ab9873b5e0 DEOPT UNPACKING pc=0x000001ab436223a3 sp=0x00000088f4afe920 mode 2
Event: 21.346 Thread 0x000001ab9873b5e0 Uncommon trap: trap_request=0xffffff54 fr.pc=0x000001ab43c05e70 relative=0x0000000000000230
Event: 21.346 Thread 0x000001ab9873b5e0 Uncommon trap: reason=speculate_null_assert action=make_not_entrant pc=0x000001ab43c05e70 method=org.springframework.util.ConcurrentReferenceHashMap$Segment.restructureIfNecessary(Z)V @ 41 c2
Event: 21.346 Thread 0x000001ab9873b5e0 DEOPT PACKING pc=0x000001ab43c05e70 sp=0x00000088f4afe680
Event: 21.346 Thread 0x000001ab9873b5e0 DEOPT UNPACKING pc=0x000001ab436223a3 sp=0x00000088f4afe658 mode 2
Event: 21.399 Thread 0x000001ab9873b5e0 Uncommon trap: trap_request=0xffffff45 fr.pc=0x000001ab43e42090 relative=0x00000000000000f0
Event: 21.399 Thread 0x000001ab9873b5e0 Uncommon trap: reason=unstable_if action=reinterpret pc=0x000001ab43e42090 method=java.util.ArrayList.indexOfRange(Ljava/lang/Object;II)I @ 7 c2
Event: 21.399 Thread 0x000001ab9873b5e0 DEOPT PACKING pc=0x000001ab43e42090 sp=0x00000088f4afe3e0
Event: 21.399 Thread 0x000001ab9873b5e0 DEOPT UNPACKING pc=0x000001ab436223a3 sp=0x00000088f4afe360 mode 2

Classes unloaded (0 events):
No events

Classes redefined (0 events):
No events

Internal exceptions (20 events):
Event: 18.981 Thread 0x000001ab9873b5e0 Exception <a 'java/lang/NoSuchMethodError'{0x0000000086ffd870}: 'java.lang.Object java.lang.invoke.DirectMethodHandle$Holder.newInvokeSpecial(java.lang.Object, java.lang.Object, java.lang.Object, java.lang.Object, java.lang.Object, int, java.lang.Object)'> (0x0000000086ffd870) 
thrown [s\open\src\hotspot\share\interpreter\linkResolver.cpp, line 759]
Event: 18.986 Thread 0x000001ab9873b5e0 Exception <a 'java/lang/NoSuchMethodError'{0x0000000086e36320}: 'java.lang.Object java.lang.invoke.DirectMethodHandle$Holder.newInvokeSpecial(java.lang.Object, java.lang.Object, java.lang.Object, java.lang.Object, java.lang.Object, java.lang.Object, java.lang.Object, java.lang.Object, java.lang.Object, java.lang.Object, java.lang.Object, java.lang.Object)'> (0x0000000086e36320) 
thrown [s\open\src\hotspot\share\interpreter\linkResolver.cpp, line 759]
Event: 18.986 Thread 0x000001ab9873b5e0 Exception <a 'java/lang/NoSuchMethodError'{0x0000000086e3adb8}: 'java.lang.Object java.lang.invoke.DirectMethodHandle$Holder.invokeSpecial(java.lang.Object, java.lang.Object, java.lang.Object, java.lang.Object, java.lang.Object, java.lang.Object, java.lang.Object, java.lang.Object, java.lang.Object, java.lang.Object, java.lang.Object, java.lang.Object, java.lang.Object)'> (0x0000000086e3adb8) 
thrown [s\open\src\hotspot\share\interpreter\linkResolver.cpp, line 759]
Event: 18.986 Thread 0x000001ab9873b5e0 Exception <a 'java/lang/NoSuchMethodError'{0x0000000086e3f4d0}: 'java.lang.Object java.lang.invoke.Invokers$Holder.linkToTargetMethod(java.lang.Object, java.lang.Object, java.lang.Object, java.lang.Object, java.lang.Object, java.lang.Object, java.lang.Object, java.lang.Object, java.lang.Object, java.lang.Object, java.lang.Object, java.lang.Object)'> (0x0000000086e3f4d0) 
thrown [s\open\src\hotspot\share\interpreter\linkResolver.cpp, line 759]
Event: 19.028 Thread 0x000001ab9873b5e0 Exception <a 'java/lang/IncompatibleClassChangeError'{0x0000000086dd4480}: Found class java.lang.Object, but interface was expected> (0x0000000086dd4480) 
thrown [s\open\src\hotspot\share\interpreter\linkResolver.cpp, line 826]
Event: 19.046 Thread 0x000001ab9873b5e0 Exception <a 'java/lang/NoSuchMethodError'{0x0000000086c56e90}: 'java.lang.Object java.lang.invoke.DirectMethodHandle$Holder.newInvokeSpecial(java.lang.Object, java.lang.Object, java.lang.Object, java.lang.Object, java.lang.Object, java.lang.Object, java.lang.Object, int)'> (0x0000000086c56e90) 
thrown [s\open\src\hotspot\share\interpreter\linkResolver.cpp, line 759]
Event: 19.046 Thread 0x000001ab9873b5e0 Exception <a 'java/lang/NoSuchMethodError'{0x0000000086c5c228}: 'java.lang.Object java.lang.invoke.DirectMethodHandle$Holder.invokeSpecial(java.lang.Object, java.lang.Object, java.lang.Object, java.lang.Object, java.lang.Object, java.lang.Object, java.lang.Object, java.lang.Object, int)'> (0x0000000086c5c228) 
thrown [s\open\src\hotspot\share\interpreter\linkResolver.cpp, line 759]
Event: 19.047 Thread 0x000001ab9873b5e0 Exception <a 'java/lang/NoSuchMethodError'{0x0000000086c60cf0}: 'java.lang.Object java.lang.invoke.Invokers$Holder.linkToTargetMethod(java.lang.Object, java.lang.Object, java.lang.Object, java.lang.Object, java.lang.Object, java.lang.Object, int, java.lang.Object)'> (0x0000000086c60cf0) 
thrown [s\open\src\hotspot\share\interpreter\linkResolver.cpp, line 759]
Event: 19.074 Thread 0x000001ab9873b5e0 Exception <a 'java/lang/NoSuchMethodError'{0x0000000085b3d428}: 'void java.lang.invoke.DirectMethodHandle$Holder.invokeInterface(java.lang.Object, java.lang.Object)'> (0x0000000085b3d428) 
thrown [s\open\src\hotspot\share\interpreter\linkResolver.cpp, line 759]
Event: 19.434 Thread 0x000001ab9873b5e0 Exception <a 'java/lang/IncompatibleClassChangeError'{0x00000000853e71f8}: Found class java.lang.Object, but interface was expected> (0x00000000853e71f8) 
thrown [s\open\src\hotspot\share\interpreter\linkResolver.cpp, line 826]
Event: 19.518 Thread 0x000001ab9873b5e0 Exception <a 'java/lang/IncompatibleClassChangeError'{0x000000008ab8ab40}: Found class java.lang.Object, but interface was expected> (0x000000008ab8ab40) 
thrown [s\open\src\hotspot\share\interpreter\linkResolver.cpp, line 826]
Event: 19.961 Thread 0x000001ab9873b5e0 Exception <a 'java/lang/IncompatibleClassChangeError'{0x0000000087130178}: Found class java.lang.Object, but interface was expected> (0x0000000087130178) 
thrown [s\open\src\hotspot\share\interpreter\linkResolver.cpp, line 826]
Event: 20.732 Thread 0x000001ab9873b5e0 Exception <a 'sun/nio/fs/WindowsException'{0x00000000855c8ef0}> (0x00000000855c8ef0) 
thrown [s\open\src\hotspot\share\prims\jni.cpp, line 516]
Event: 20.914 Thread 0x000001ab9873b5e0 Exception <a 'java/lang/IncompatibleClassChangeError'{0x0000000085242750}: Found class java.lang.Object, but interface was expected> (0x0000000085242750) 
thrown [s\open\src\hotspot\share\interpreter\linkResolver.cpp, line 826]
Event: 21.027 Thread 0x000001ab9873b5e0 Exception <a 'java/lang/NoSuchMethodError'{0x000000008500ac40}: 'void java.lang.invoke.DirectMethodHandle$Holder.invokeVirtual(java.lang.Object, java.lang.Object, long)'> (0x000000008500ac40) 
thrown [s\open\src\hotspot\share\interpreter\linkResolver.cpp, line 759]
Event: 21.188 Thread 0x000001ab9873b5e0 Exception <a 'java/lang/IncompatibleClassChangeError'{0x0000000087028a20}: Found class java.lang.Object, but interface was expected> (0x0000000087028a20) 
thrown [s\open\src\hotspot\share\interpreter\linkResolver.cpp, line 826]
Event: 21.206 Thread 0x000001ab9873b5e0 Implicit null exception at 0x000001ab43cd825a to 0x000001ab43cd8484
Event: 21.237 Thread 0x000001ab9873b5e0 Exception <a 'java/lang/NoSuchMethodError'{0x0000000086f8ee80}: 'java.lang.Object java.lang.invoke.DirectMethodHandle$Holder.invokeSpecial(java.lang.Object, java.lang.Object, java.lang.Object, java.lang.Object, java.lang.Object, java.lang.Object, java.lang.Object, java.lang.Object, java.lang.Object, java.lang.Object, java.lang.Object)'> (0x0000000086f8ee80) 
thrown [s\open\src\hotspot\share\interpreter\linkResolver.cpp, line 759]
Event: 21.237 Thread 0x000001ab9873b5e0 Exception <a 'java/lang/NoSuchMethodError'{0x0000000086f932b0}: 'java.lang.Object java.lang.invoke.Invokers$Holder.invoke_MT(java.lang.Object, java.lang.Object, java.lang.Object, java.lang.Object, java.lang.Object, java.lang.Object, java.lang.Object, java.lang.Object, java.lang.Object, java.lang.Object, java.lang.Object)'> (0x0000000086f932b0) 
thrown [s\open\src\hotspot\share\interpreter\linkResolver.cpp, line 759]
Event: 21.349 Thread 0x000001ab9873b5e0 Exception <a 'java/lang/NoSuchMethodError'{0x0000000085b06e00}: 'java.lang.Object java.lang.invoke.DirectMethodHandle$Holder.newInvokeSpecial(java.lang.Object, java.lang.Object, int, java.lang.Object, java.lang.Object)'> (0x0000000085b06e00) 
thrown [s\open\src\hotspot\share\interpreter\linkResolver.cpp, line 759]

VM Operations (20 events):
Event: 210.118 Executing VM operation: Cleanup
Event: 210.118 Executing VM operation: Cleanup done
Event: 211.124 Executing VM operation: Cleanup
Event: 211.124 Executing VM operation: Cleanup done
Event: 218.202 Executing VM operation: Cleanup
Event: 218.202 Executing VM operation: Cleanup done
Event: 220.215 Executing VM operation: Cleanup
Event: 220.215 Executing VM operation: Cleanup done
Event: 221.215 Executing VM operation: Cleanup
Event: 221.215 Executing VM operation: Cleanup done
Event: 223.241 Executing VM operation: Cleanup
Event: 223.241 Executing VM operation: Cleanup done
Event: 224.244 Executing VM operation: Cleanup
Event: 224.244 Executing VM operation: Cleanup done
Event: 254.585 Executing VM operation: Cleanup
Event: 254.585 Executing VM operation: Cleanup done
Event: 273.747 Executing VM operation: Cleanup
Event: 273.747 Executing VM operation: Cleanup done
Event: 279.797 Executing VM operation: Cleanup
Event: 279.797 Executing VM operation: Cleanup done

Events (20 events):
Event: 21.421 loading class com/sun/beans/introspect/ClassInfo done
Event: 21.421 loading class com/sun/beans/introspect/ClassInfo$1
Event: 21.421 loading class com/sun/beans/util/Cache
Event: 21.422 loading class com/sun/beans/util/Cache done
Event: 21.422 loading class com/sun/beans/introspect/ClassInfo$1 done
Event: 21.422 loading class com/sun/beans/util/Cache$Kind
Event: 21.422 loading class com/sun/beans/util/Cache$Kind done
Event: 21.422 loading class com/sun/beans/util/Cache$Kind$1
Event: 21.422 loading class com/sun/beans/util/Cache$Kind$1 done
Event: 21.422 loading class com/sun/beans/util/Cache$Kind$2
Event: 21.423 loading class com/sun/beans/util/Cache$Kind$2 done
Event: 21.423 loading class com/sun/beans/util/Cache$Kind$3
Event: 21.423 loading class com/sun/beans/util/Cache$Kind$3 done
Event: 21.423 loading class com/sun/beans/util/Cache$CacheEntry
Event: 21.423 loading class com/sun/beans/util/Cache$CacheEntry done
Event: 21.424 Thread 0x000001ab984a9ff0 Thread exited: 0x000001ab984a9ff0
Event: 21.424 Thread 0x000001ab347fa8a0 Thread exited: 0x000001ab347fa8a0
Event: 21.424 Thread 0x000001ab52a0dcc0 Thread added: 0x000001ab52a0dcc0
Event: 22.933 Thread 0x000001ab98cffba0 Thread exited: 0x000001ab98cffba0
Event: 24.007 Thread 0x000001ab99ccad90 Thread exited: 0x000001ab99ccad90


Dynamic libraries:
0x00007ff63a810000 - 0x00007ff63a820000 	C:\Program Files\Java\jdk-17\bin\javaw.exe
0x00007ffe348c0000 - 0x00007ffe34b23000 	C:\WINDOWS\SYSTEM32\ntdll.dll
0x00007ffe33a90000 - 0x00007ffe33b58000 	C:\WINDOWS\System32\KERNEL32.DLL
0x00007ffe32130000 - 0x00007ffe324e2000 	C:\WINDOWS\System32\KERNELBASE.dll
0x00007ffe324f0000 - 0x00007ffe3263b000 	C:\WINDOWS\System32\ucrtbase.dll
0x00007ffe0e3c0000 - 0x00007ffe0e3db000 	C:\Program Files\Java\jdk-17\bin\VCRUNTIME140.dll
0x00007ffe1c960000 - 0x00007ffe1c979000 	C:\Program Files\Java\jdk-17\bin\jli.dll
0x00007ffe33b90000 - 0x00007ffe33c44000 	C:\WINDOWS\System32\ADVAPI32.dll
0x00007ffe32de0000 - 0x00007ffe32e89000 	C:\WINDOWS\System32\msvcrt.dll
0x00007ffe34440000 - 0x00007ffe344e6000 	C:\WINDOWS\System32\sechost.dll
0x00007ffe32cc0000 - 0x00007ffe32dd6000 	C:\WINDOWS\System32\RPCRT4.dll
0x00007ffe344f0000 - 0x00007ffe346b8000 	C:\WINDOWS\System32\USER32.dll
0x00007ffe1d420000 - 0x00007ffe1d6b0000 	C:\WINDOWS\WinSxS\amd64_microsoft.windows.common-controls_6595b64144ccf1df_6.0.26100.2454_none_3e0b68a2e331ad60\COMCTL32.dll
0x00007ffe32640000 - 0x00007ffe32667000 	C:\WINDOWS\System32\win32u.dll
0x00007ffe33b60000 - 0x00007ffe33b8a000 	C:\WINDOWS\System32\GDI32.dll
0x00007ffe32000000 - 0x00007ffe3212b000 	C:\WINDOWS\System32\gdi32full.dll
0x00007ffe32670000 - 0x00007ffe32713000 	C:\WINDOWS\System32\msvcp_win.dll
0x00007ffe2b5b0000 - 0x00007ffe2b5bb000 	C:\WINDOWS\SYSTEM32\VERSION.dll
0x00007ffe32720000 - 0x00007ffe3274f000 	C:\WINDOWS\System32\IMM32.DLL
0x00007ffe1fbf0000 - 0x00007ffe1fbfc000 	C:\Program Files\Java\jdk-17\bin\vcruntime140_1.dll
0x00007ffe0d4e0000 - 0x00007ffe0d56e000 	C:\Program Files\Java\jdk-17\bin\msvcp140.dll
0x00007ffdccf10000 - 0x00007ffdcdaef000 	C:\Program Files\Java\jdk-17\bin\server\jvm.dll
0x00007ffe34860000 - 0x00007ffe34868000 	C:\WINDOWS\System32\PSAPI.DLL
0x00007ffe2b540000 - 0x00007ffe2b576000 	C:\WINDOWS\SYSTEM32\WINMM.dll
0x00007ffe1c950000 - 0x00007ffe1c95a000 	C:\WINDOWS\SYSTEM32\WSOCK32.dll
0x00007ffe33930000 - 0x00007ffe339a4000 	C:\WINDOWS\System32\WS2_32.dll
0x00007ffe30ad0000 - 0x00007ffe30aea000 	C:\WINDOWS\SYSTEM32\kernel.appcore.dll
0x00007ffe0fc60000 - 0x00007ffe0fc6a000 	C:\Program Files\Java\jdk-17\bin\jimage.dll
0x00007ffe24ba0000 - 0x00007ffe24de1000 	C:\WINDOWS\SYSTEM32\DBGHELP.DLL
0x00007ffe32760000 - 0x00007ffe32ade000 	C:\WINDOWS\System32\combase.dll
0x00007ffe32e90000 - 0x00007ffe32f66000 	C:\WINDOWS\System32\OLEAUT32.dll
0x00007ffe1c6e0000 - 0x00007ffe1c719000 	C:\WINDOWS\SYSTEM32\dbgcore.DLL
0x00007ffe31e10000 - 0x00007ffe31ea9000 	C:\WINDOWS\System32\bcryptPrimitives.dll
0x00007ffe0e0e0000 - 0x00007ffe0e105000 	C:\Program Files\Java\jdk-17\bin\java.dll
0x00007ffdf67e0000 - 0x00007ffdf68b7000 	C:\Program Files\Java\jdk-17\bin\jsvml.dll
0x00007ffe33d30000 - 0x00007ffe34431000 	C:\WINDOWS\System32\SHELL32.dll
0x00007ffe2f9e0000 - 0x00007ffe30211000 	C:\WINDOWS\SYSTEM32\windows.storage.dll
0x00007ffe33c50000 - 0x00007ffe33d2a000 	C:\WINDOWS\System32\SHCORE.dll
0x00007ffe339b0000 - 0x00007ffe33a0d000 	C:\WINDOWS\System32\shlwapi.dll
0x00007ffe31ba0000 - 0x00007ffe31bce000 	C:\WINDOWS\SYSTEM32\profapi.dll
0x00007ffe0d4c0000 - 0x00007ffe0d4d9000 	C:\Program Files\Java\jdk-17\bin\net.dll
0x00007ffe296d0000 - 0x00007ffe297f6000 	C:\WINDOWS\SYSTEM32\WINHTTP.dll
0x00007ffe30fd0000 - 0x00007ffe31038000 	C:\WINDOWS\system32\mswsock.dll
0x00007ffe0d4a0000 - 0x00007ffe0d4b6000 	C:\Program Files\Java\jdk-17\bin\nio.dll
0x00007ffe0e0c0000 - 0x00007ffe0e0d8000 	C:\Program Files\Java\jdk-17\bin\zip.dll
0x00007ffe23cd0000 - 0x00007ffe23cda000 	C:\Program Files\Java\jdk-17\bin\management.dll
0x00007ffe1fc20000 - 0x00007ffe1fc2b000 	C:\Program Files\Java\jdk-17\bin\management_ext.dll
0x00007ffe29950000 - 0x00007ffe2995e000 	C:\Program Files\Java\jdk-17\bin\sunmscapi.dll
0x00007ffe31c90000 - 0x00007ffe31e06000 	C:\WINDOWS\System32\CRYPT32.dll
0x00007ffe31470000 - 0x00007ffe314a0000 	C:\WINDOWS\SYSTEM32\ncrypt.dll
0x00007ffe31420000 - 0x00007ffe3145f000 	C:\WINDOWS\SYSTEM32\NTASN1.dll
0x00007ffe31270000 - 0x00007ffe3128c000 	C:\WINDOWS\SYSTEM32\CRYPTSP.dll
0x00007ffe30a30000 - 0x00007ffe30a68000 	C:\WINDOWS\system32\rsaenh.dll
0x00007ffe31070000 - 0x00007ffe3109b000 	C:\WINDOWS\SYSTEM32\USERENV.dll
0x00007ffe314b0000 - 0x00007ffe314d6000 	C:\WINDOWS\SYSTEM32\bcrypt.dll
0x00007ffe31290000 - 0x00007ffe3129c000 	C:\WINDOWS\SYSTEM32\CRYPTBASE.dll
0x00007ffe30510000 - 0x00007ffe30542000 	C:\WINDOWS\SYSTEM32\IPHLPAPI.DLL
0x00007ffe33920000 - 0x00007ffe3392a000 	C:\WINDOWS\System32\NSI.dll
0x00007ffe29580000 - 0x00007ffe2959e000 	C:\WINDOWS\SYSTEM32\dhcpcsvc6.DLL
0x00007ffe29550000 - 0x00007ffe29575000 	C:\WINDOWS\SYSTEM32\dhcpcsvc.DLL
0x00007ffe305a0000 - 0x00007ffe306c5000 	C:\WINDOWS\SYSTEM32\DNSAPI.dll
0x00007ffe0e3a0000 - 0x00007ffe0e3b0000 	C:\Program Files\Java\jdk-17\bin\verify.dll
0x00007ffe28330000 - 0x00007ffe2833b000 	C:\Windows\System32\rasadhlp.dll
0x00007ffe28af0000 - 0x00007ffe28b75000 	C:\WINDOWS\System32\fwpuclnt.dll
0x00007ffe2ecb0000 - 0x00007ffe2ecb8000 	C:\WINDOWS\system32\wshunix.dll

dbghelp: loaded successfully - version: 4.0.5 - missing functions: none
symbol engine: initialized successfully - sym options: 0x614 - pdb path: .;C:\Program Files\Java\jdk-17\bin;C:\WINDOWS\SYSTEM32;C:\WINDOWS\WinSxS\amd64_microsoft.windows.common-controls_6595b64144ccf1df_6.0.26100.2454_none_3e0b68a2e331ad60;C:\Program Files\Java\jdk-17\bin\server

VM Arguments:
jvm_args: -Dfile.encoding=Cp1252 -XX:+ShowCodeDetailsInExceptionMessages 
java_command: com.example.employee.EmployeeManagementApplication
java_class_path (initial): C:\Users\NIKHIL MOWADE\Downloads\employee-ui\employee-ui\employee-management\target\classes;C:\Users\NIKHIL MOWADE\.m2\repository\org\springframework\boot\spring-boot-starter-data-jpa\3.4.2\spring-boot-starter-data-jpa-3.4.2.jar;C:\Users\NIKHIL MOWADE\.m2\repository\org\springframework\boot\spring-boot-starter\3.4.2\spring-boot-starter-3.4.2.jar;C:\Users\NIKHIL MOWADE\.m2\repository\org\springframework\boot\spring-boot-starter-logging\3.4.2\spring-boot-starter-logging-3.4.2.jar;C:\Users\NIKHIL MOWADE\.m2\repository\ch\qos\logback\logback-classic\1.5.16\logback-classic-1.5.16.jar;C:\Users\NIKHIL MOWADE\.m2\repository\ch\qos\logback\logback-core\1.5.16\logback-core-1.5.16.jar;C:\Users\NIKHIL MOWADE\.m2\repository\org\apache\logging\log4j\log4j-to-slf4j\2.24.3\log4j-to-slf4j-2.24.3.jar;C:\Users\NIKHIL MOWADE\.m2\repository\org\apache\logging\log4j\log4j-api\2.24.3\log4j-api-2.24.3.jar;C:\Users\NIKHIL MOWADE\.m2\repository\org\slf4j\jul-to-slf4j\2.0.16\jul-to-slf4j-2.0.16.jar;C:\Users\NIKHIL MOWADE\.m2\repository\jakarta\annotation\jakarta.annotation-api\2.1.1\jakarta.annotation-api-2.1.1.jar;C:\Users\NIKHIL MOWADE\.m2\repository\org\yaml\snakeyaml\2.3\snakeyaml-2.3.jar;C:\Users\NIKHIL MOWADE\.m2\repository\org\springframework\boot\spring-boot-starter-jdbc\3.4.2\spring-boot-starter-jdbc-3.4.2.jar;C:\Users\NIKHIL MOWADE\.m2\repository\com\zaxxer\HikariCP\5.1.0\HikariCP-5.1.0.jar;C:\Users\NIKHIL MOWADE\.m2\repository\org\springframework\spring-jdbc\6.2.2\spring-jdbc-6.2.2.jar;C:\Users\NIKHIL MOWADE\.m2\repository\org\hibernate\orm\hibernate-core\6.6.5.Final\hibernate-core-6.6.5.Final.jar;C:\Users\NIKHIL MOWADE\.m2\repository\jakarta\persistence\jakarta.persistence-api\3.1.0\jakarta.persistence-api-3.1.0.jar;C:\Users\NIKHIL MOWADE\.m2\repository\jakarta\transaction\jakarta.transaction-api\2.0.1\jakarta.transaction-api-2.0.1.jar;C:\Users\NIKHIL MOWADE\.m2\repository\org\jboss\logging\jboss-logging\3.6.1.Final\jboss-logging-3.6.1.Final.jar;C:\Use
Launcher Type: SUN_STANDARD

[Global flags]
     intx CICompilerCount                          = 4                                         {product} {ergonomic}
     uint ConcGCThreads                            = 2                                         {product} {ergonomic}
     uint G1ConcRefinementThreads                  = 8                                         {product} {ergonomic}
   size_t G1HeapRegionSize                         = 1048576                                   {product} {ergonomic}
    uintx GCDrainStackTargetSize                   = 64                                        {product} {ergonomic}
   size_t InitialHeapSize                          = 132120576                                 {product} {ergonomic}
   size_t MarkStackSize                            = 4194304                                   {product} {ergonomic}
   size_t MaxHeapSize                              = 2099249152                                {product} {ergonomic}
   size_t MaxNewSize                               = 1259339776                                {product} {ergonomic}
   size_t MinHeapDeltaBytes                        = 1048576                                   {product} {ergonomic}
   size_t MinHeapSize                              = 8388608                                   {product} {ergonomic}
    uintx NonNMethodCodeHeapSize                   = 5839372                                {pd product} {ergonomic}
    uintx NonProfiledCodeHeapSize                  = 122909434                              {pd product} {ergonomic}
    uintx ProfiledCodeHeapSize                     = 122909434                              {pd product} {ergonomic}
    uintx ReservedCodeCacheSize                    = 251658240                              {pd product} {ergonomic}
     bool SegmentedCodeCache                       = true                                      {product} {ergonomic}
     bool ShowCodeDetailsInExceptionMessages       = true                                   {manageable} {command line}
   size_t SoftMaxHeapSize                          = 2099249152                             {manageable} {ergonomic}
     bool UseCompressedClassPointers               = true                           {product lp64_product} {ergonomic}
     bool UseCompressedOops                        = true                           {product lp64_product} {ergonomic}
     bool UseG1GC                                  = true                                      {product} {ergonomic}
     bool UseLargePagesIndividualAllocation        = false                                  {pd product} {ergonomic}

Logging:
Log output configuration:
 #0: stdout all=warning uptime,level,tags
 #1: stderr all=off uptime,level,tags

Environment Variables:
PATH=C:\Program Files\Common Files\Oracle\Java\javapath;C:\ProgramData\Oracle\Java\javapath;C:\Program Files\Python311\Scripts\;C:\Program Files\Python311\;C:\Program Files\Python39\Scripts\;C:\Program Files\Python39\;C:\Windows\system32;C:\Windows;C:\Windows\System32\Wbem;C:\Windows\System32\WindowsPowerShell\v1.0\;C:\Windows\System32\OpenSSH\;C:\Program Files (x86)\NVIDIA Corporation\PhysX\Common;C:\Program Files\NVIDIA Corporation\NVIDIA NvDLISR;C:\MinGW\bin;C:\WINDOWS\system32;C:\WINDOWS;C:\WINDOWS\System32\Wbem;C:\WINDOWS\System32\WindowsPowerShell\v1.0\;C:\WINDOWS\System32\OpenSSH\;C:\Program Files\nodejs;C:\Users\NIKHIL MOWADE\AppData\Roaming\Microsoft\Windows\Start Menu\Programs\Python 3.9;C:\Program Files\MySQL\MySQL Server 8.0\bin;C:\Program Files\MongoDB\Server\5.0\bin;C:\Program Files\Java\jdk-17\bin;C:\Program Files\Azure Data Studio\bin;C:\Program Files\Git\cmd;C:\Program Files\Microsoft SQL Server\Client SDK\ODBC\170\Tools\Binn\;C:\Program Files (x86)\Microsoft SQL Server\160\Tools\Binn\;C:\Program Files\Microsoft SQL Server\160\Tools\Binn\;C:\Program Files\Microsoft SQL Server\160\DTS\Binn\;C:\Program Files (x86)\Microsoft SQL Server\160\DTS\Binn\;C:\Program Files\Microsoft SQL Server\150\Tools\Binn\;C:\Program Files\dotnet\;C:\Program Files\nodejs\;C:\Users\NIKHIL MOWADE\AppData\Local\Programs\Python\Launcher\;C:\Users\NIKHIL MOWADE\AppData\Local\Microsoft\WindowsApps;C:\Users\NIKHIL MOWADE\AppData\Local\Programs\Microsoft VS Code\bin;C:\Users\NIKHIL MOWADE\AppData\Roaming\Microsoft\Windows\Start Menu\Programs\Python 3.9;C:\xampp\php;C:\Program Files\Java\jdk-17\bin;C:\Program Files\Azure Data Studio\bin;C:\Users\NIKHIL MOWADE\.dotnet\tools;C:\Users\NIKHIL MOWADE\AppData\Roaming\npm;
USERNAME=NIKHIL MOWADE
OS=Windows_NT
PROCESSOR_IDENTIFIER=AMD64 Family 23 Model 24 Stepping 1, AuthenticAMD



---------------  S Y S T E M  ---------------

OS:
 Windows 11 , 64 bit Build 26100 (10.0.26100.2454)
OS uptime: 0 days 0:27 hours

CPU: total 8 (initial active 8) (8 cores per cpu, 2 threads per core) family 23 model 24 stepping 1 microcode 0x8108102, cx8, cmov, fxsr, ht, mmx, 3dnowpref, sse, sse2, sse3, ssse3, sse4a, sse4.1, sse4.2, popcnt, lzcnt, tsc, tscinvbit, avx, avx2, aes, clmul, bmi1, bmi2, adx, sha, fma, vzeroupper, clflush, clflushopt

Memory: 4k page, system-wide physical 8000M (1214M free)
TotalPageFile size 11000M (AvailPageFile size 0M)
current process WorkingSet (physical memory assigned to process): 174M, peak: 256M
current process commit charge ("private bytes"): 246M, peak: 294M

vm_info: Java HotSpot(TM) 64-Bit Server VM (17.0.10+11-LTS-240) for windows-amd64 JRE (17.0.10+11-LTS-240), built on Dec 19 2023 21:47:25 by "mach5one" with MS VC++ 17.1 (VS2022)

END.
