#
# There is insufficient memory for the Java Runtime Environment to continue.
# Native memory allocation (malloc) failed to allocate 864976 bytes for Chunk::new
# Possible reasons:
#   The system is out of physical RAM or swap space
#   The process is running with CompressedOops enabled, and the Java Heap may be blocking the growth of the native heap
# Possible solutions:
#   Reduce memory load on the system
#   Increase physical memory or swap space
#   Check if swap backing store is full
#   Decrease Java heap size (-Xmx/-Xms)
#   Decrease number of Java threads
#   Decrease Java thread stack sizes (-Xss)
#   Set larger code cache with -XX:ReservedCodeCacheSize=
#   JVM is running with Unscaled Compressed Oops mode in which the Java heap is
#     placed in the first 4GB address space. The Java Heap base address is the
#     maximum limit for the native heap growth. Please use -XX:HeapBaseMinAddress
#     to set the Java Heap base and to place the Java Heap above 4GB virtual address.
# This output file may be truncated or incomplete.
#
#  Out of Memory Error (arena.cpp:189), pid=8672, tid=13588
#
# JRE version: Java(TM) SE Runtime Environment (17.0.10+11) (build 17.0.10+11-LTS-240)
# Java VM: Java HotSpot(TM) 64-Bit Server VM (17.0.10+11-LTS-240, mixed mode, sharing, tiered, compressed oops, compressed class ptrs, g1 gc, windows-amd64)
# No core dump will be written. Minidumps are not enabled by default on client versions of Windows
#

---------------  S U M M A R Y ------------

Command Line: -Dfile.encoding=Cp1252 -XX:+ShowCodeDetailsInExceptionMessages com.example.employee.EmployeeManagementApplication

Host: AMD Ryzen 5 3550H with Radeon Vega Mobile Gfx  , 8 cores, 7G,  Windows 11 , 64 bit Build 26100 (10.0.26100.2454)
Time: Thu Feb 20 23:42:40 2025 India Standard Time elapsed time: 73.312298 seconds (0d 0h 1m 13s)

---------------  T H R E A D  ---------------

Current thread (0x000001c17852b6b0):  JavaThread "C2 CompilerThread0" daemon [_thread_in_native, id=13588, stack(0x000000921d900000,0x000000921da00000)]


Current CompileTask:
C2:  73312 5650       4       org.springframework.beans.factory.support.AbstractBeanFactory::isTypeMatch (745 bytes)

Stack: [0x000000921d900000,0x000000921da00000]
Native frames: (J=compiled Java code, j=interpreted, Vv=VM code, C=native code)
V  [jvm.dll+0x677a5a]
V  [jvm.dll+0x7d8b2d]
V  [jvm.dll+0x7da48e]
V  [jvm.dll+0x7daaf3]
V  [jvm.dll+0x2455ff]
V  [jvm.dll+0xaaafb]
V  [jvm.dll+0xab09c]
V  [jvm.dll+0x2aafef]
V  [jvm.dll+0x57fd55]
V  [jvm.dll+0x220472]
V  [jvm.dll+0x219070]
V  [jvm.dll+0x216c79]
V  [jvm.dll+0x1a3410]
V  [jvm.dll+0x226aeb]
V  [jvm.dll+0x224cab]
V  [jvm.dll+0x78e45c]
V  [jvm.dll+0x78888a]
V  [jvm.dll+0x676935]
C  [ucrtbase.dll+0x14ea0]
C  [KERNEL32.DLL+0x2e8d7]
C  [ntdll.dll+0xdfbcc]


---------------  P R O C E S S  ---------------

Threads class SMR info:
_java_thread_list=0x000001c14373c2a0, length=33, elements={
0x000001c178505600, 0x000001c1785061c0, 0x000001c17851c390, 0x000001c17851ef60,
0x000001c178521930, 0x000001c17852a300, 0x000001c17852b6b0, 0x000001c17852c0b0,
0x000001c178bc0480, 0x000001c178ce9e00, 0x000001c178cf5f80, 0x000001c17d9b39b0,
0x000001c17d9b2060, 0x000001c141be8080, 0x000001c141be7150, 0x000001c141be7b70,
0x000001c141be8aa0, 0x000001c141be94c0, 0x000001c141be99d0, 0x000001c141be8fb0,
0x000001c141be9ee0, 0x000001c141be6730, 0x000001c141bea3f0, 0x000001c141be6c40,
0x000001c141beae10, 0x000001c141bea900, 0x000001c141be7660, 0x000001c141bec760,
0x000001c141beb320, 0x000001c141bedba0, 0x000001c141bed180, 0x000001c17f267ce0,
0x000001c17f269220
}

Java Threads: ( => current thread )
  0x000001c178505600 JavaThread "Reference Handler" daemon [_thread_blocked, id=18340, stack(0x000000921d300000,0x000000921d400000)]
  0x000001c1785061c0 JavaThread "Finalizer" daemon [_thread_blocked, id=11332, stack(0x000000921d400000,0x000000921d500000)]
  0x000001c17851c390 JavaThread "Signal Dispatcher" daemon [_thread_blocked, id=15748, stack(0x000000921d500000,0x000000921d600000)]
  0x000001c17851ef60 JavaThread "Attach Listener" daemon [_thread_blocked, id=18208, stack(0x000000921d600000,0x000000921d700000)]
  0x000001c178521930 JavaThread "Service Thread" daemon [_thread_blocked, id=19104, stack(0x000000921d700000,0x000000921d800000)]
  0x000001c17852a300 JavaThread "Monitor Deflation Thread" daemon [_thread_blocked, id=6408, stack(0x000000921d800000,0x000000921d900000)]
=>0x000001c17852b6b0 JavaThread "C2 CompilerThread0" daemon [_thread_in_native, id=13588, stack(0x000000921d900000,0x000000921da00000)]
  0x000001c17852c0b0 JavaThread "C1 CompilerThread0" daemon [_thread_blocked, id=17540, stack(0x000000921da00000,0x000000921db00000)]
  0x000001c178bc0480 JavaThread "Sweeper thread" daemon [_thread_blocked, id=7088, stack(0x000000921db00000,0x000000921dc00000)]
  0x000001c178ce9e00 JavaThread "Notification Thread" daemon [_thread_blocked, id=7520, stack(0x000000921dc00000,0x000000921dd00000)]
  0x000001c178cf5f80 JavaThread "Common-Cleaner" daemon [_thread_blocked, id=16348, stack(0x000000921de00000,0x000000921df00000)]
  0x000001c17d9b39b0 JavaThread "Catalina-utility-1" [_thread_blocked, id=7876, stack(0x000000921eb00000,0x000000921ec00000)]
  0x000001c17d9b2060 JavaThread "Catalina-utility-2" [_thread_blocked, id=5808, stack(0x000000921ec00000,0x000000921ed00000)]
  0x000001c141be8080 JavaThread "container-0" [_thread_blocked, id=8980, stack(0x000000921ed00000,0x000000921ee00000)]
  0x000001c141be7150 JavaThread "mysql-cj-abandoned-connection-cleanup" daemon [_thread_blocked, id=18864, stack(0x000000921ee00000,0x000000921ef00000)]
  0x000001c141be7b70 JavaThread "HikariPool-1 housekeeper" daemon [_thread_blocked, id=10184, stack(0x000000921f000000,0x000000921f100000)]
  0x000001c141be8aa0 JavaThread "File Watcher" daemon [_thread_blocked, id=4600, stack(0x000000921f200000,0x000000921f300000)]
  0x000001c141be94c0 JavaThread "Live Reload Server" daemon [_thread_in_native, id=18580, stack(0x000000921f400000,0x000000921f500000)]
  0x000001c141be99d0 JavaThread "http-nio-5454-exec-1" daemon [_thread_in_vm, id=18496, stack(0x000000921f300000,0x000000921f400000)]
  0x000001c141be8fb0 JavaThread "http-nio-5454-exec-2" daemon [_thread_blocked, id=12228, stack(0x000000921f500000,0x000000921f600000)]
  0x000001c141be9ee0 JavaThread "http-nio-5454-exec-3" daemon [_thread_blocked, id=19100, stack(0x000000921f600000,0x000000921f700000)]
  0x000001c141be6730 JavaThread "http-nio-5454-exec-4" daemon [_thread_blocked, id=2240, stack(0x000000921f700000,0x000000921f800000)]
  0x000001c141bea3f0 JavaThread "http-nio-5454-exec-5" daemon [_thread_blocked, id=1788, stack(0x000000921f800000,0x000000921f900000)]
  0x000001c141be6c40 JavaThread "http-nio-5454-exec-6" daemon [_thread_blocked, id=18288, stack(0x000000921f900000,0x000000921fa00000)]
  0x000001c141beae10 JavaThread "http-nio-5454-exec-7" daemon [_thread_blocked, id=13996, stack(0x000000921fa00000,0x000000921fb00000)]
  0x000001c141bea900 JavaThread "http-nio-5454-exec-8" daemon [_thread_blocked, id=19308, stack(0x000000921fb00000,0x000000921fc00000)]
  0x000001c141be7660 JavaThread "http-nio-5454-exec-9" daemon [_thread_blocked, id=2224, stack(0x000000921fc00000,0x000000921fd00000)]
  0x000001c141bec760 JavaThread "http-nio-5454-exec-10" daemon [_thread_blocked, id=2312, stack(0x000000921fd00000,0x000000921fe00000)]
  0x000001c141beb320 JavaThread "http-nio-5454-Poller" daemon [_thread_in_native, id=16684, stack(0x000000921fe00000,0x000000921ff00000)]
  0x000001c141bedba0 JavaThread "http-nio-5454-Acceptor" daemon [_thread_in_native, id=14120, stack(0x000000921ff00000,0x0000009220000000)]
  0x000001c141bed180 JavaThread "DestroyJavaVM" [_thread_blocked, id=7180, stack(0x000000921cc00000,0x000000921cd00000)]
  0x000001c17f267ce0 JavaThread "C2 CompilerThread1" daemon [_thread_in_vm, id=16924, stack(0x000000921c900000,0x000000921ca00000)]
  0x000001c17f269220 JavaThread "C2 CompilerThread2" daemon [_thread_in_native, id=10072, stack(0x000000921ca00000,0x000000921cb00000)]

Other Threads:
  0x000001c178501b60 VMThread "VM Thread" [stack: 0x000000921d200000,0x000000921d300000] [id=18536]
  0x000001c178cf0300 WatcherThread [stack: 0x000000921dd00000,0x000000921de00000] [id=18596]
  0x000001c15aa24260 GCTaskThread "GC Thread#0" [stack: 0x000000921cd00000,0x000000921ce00000] [id=15912]
  0x000001c17db90460 GCTaskThread "GC Thread#1" [stack: 0x000000921e200000,0x000000921e300000] [id=10784]
  0x000001c17d6bd030 GCTaskThread "GC Thread#2" [stack: 0x000000921e300000,0x000000921e400000] [id=8204]
  0x000001c17d6bd2f0 GCTaskThread "GC Thread#3" [stack: 0x000000921e400000,0x000000921e500000] [id=19020]
  0x000001c17d6bd5b0 GCTaskThread "GC Thread#4" [stack: 0x000000921e500000,0x000000921e600000] [id=6688]
  0x000001c17d6bd870 GCTaskThread "GC Thread#5" [stack: 0x000000921e600000,0x000000921e700000] [id=5904]
  0x000001c17e30a030 GCTaskThread "GC Thread#6" [stack: 0x000000921e800000,0x000000921e900000] [id=15696]
  0x000001c17e30a2f0 GCTaskThread "GC Thread#7" [stack: 0x000000921e900000,0x000000921ea00000] [id=12664]
  0x000001c15aa737b0 ConcurrentGCThread "G1 Main Marker" [stack: 0x000000921ce00000,0x000000921cf00000] [id=14464]
  0x000001c15aa761e0 ConcurrentGCThread "G1 Conc#0" [stack: 0x000000921cf00000,0x000000921d000000] [id=19272]
  0x000001c17f471d10 ConcurrentGCThread "G1 Conc#1" [stack: 0x000000921e700000,0x000000921e800000] [id=10284]
  0x000001c1783bbf70 ConcurrentGCThread "G1 Refine#0" [stack: 0x000000921d000000,0x000000921d100000] [id=7332]
  0x000001c1783bc9a0 ConcurrentGCThread "G1 Service" [stack: 0x000000921d100000,0x000000921d200000] [id=1900]

Threads with active compile tasks:
C2 CompilerThread0    73360 5650       4       org.springframework.beans.factory.support.AbstractBeanFactory::isTypeMatch (745 bytes)
C2 CompilerThread1    73360 5654 % !   4       java.util.jar.Attributes::read @ 214 (494 bytes)
C2 CompilerThread2    73360 5671   !   4       java.lang.reflect.Executable::declaredAnnotations (85 bytes)

VM state: not at safepoint (normal execution)

VM Mutex/Monitor currently owned by a thread: None

Heap address: 0x0000000082e00000, size: 2002 MB, Compressed Oops mode: 32-bit

CDS archive(s) mapped at: [0x000001c100000000-0x000001c100bd0000-0x000001c100bd0000), size 12386304, SharedBaseAddress: 0x000001c100000000, ArchiveRelocationMode: 1.
Compressed class space mapped at: 0x000001c101000000-0x000001c141000000, reserved size: 1073741824
Narrow klass base: 0x000001c100000000, Narrow klass shift: 0, Narrow klass range: 0x100000000

GC Precious Log:
 CPUs: 8 total, 8 available
 Memory: 8000M
 Large Page Support: Disabled
 NUMA Support: Disabled
 Compressed Oops: Enabled (32-bit)
 Heap Region Size: 1M
 Heap Min Capacity: 8M
 Heap Initial Capacity: 126M
 Heap Max Capacity: 2002M
 Pre-touch: Disabled
 Parallel Workers: 8
 Concurrent Workers: 2
 Concurrent Refinement Workers: 8
 Periodic GC: Disabled

Heap:
 garbage-first heap   total 66560K, used 34735K [0x0000000082e00000, 0x0000000100000000)
  region size 1024K, 9 young (9216K), 1 survivors (1024K)
 Metaspace       used 64807K, committed 65344K, reserved 1114112K
  class space    used 8805K, committed 9024K, reserved 1048576K

Heap Regions: E=young(eden), S=young(survivor), O=old, HS=humongous(starts), HC=humongous(continues), CS=collection set, F=free, OA=open archive, CA=closed archive, TAMS=top-at-mark-start (previous, next)
|   0|0x0000000082e00000, 0x0000000082f00000, 0x0000000082f00000|100%|HS|  |TAMS 0x0000000082f00000, 0x0000000082e00000| Complete 
|   1|0x0000000082f00000, 0x0000000083000000, 0x0000000083000000|100%|HS|  |TAMS 0x0000000083000000, 0x0000000082f00000| Complete 
|   2|0x0000000083000000, 0x0000000083100000, 0x0000000083100000|100%| O|  |TAMS 0x0000000083100000, 0x0000000083000000| Untracked 
|   3|0x0000000083100000, 0x0000000083200000, 0x0000000083200000|100%| O|  |TAMS 0x0000000083200000, 0x0000000083100000| Untracked 
|   4|0x0000000083200000, 0x0000000083300000, 0x0000000083300000|100%| O|  |TAMS 0x0000000083300000, 0x0000000083200000| Untracked 
|   5|0x0000000083300000, 0x0000000083400000, 0x0000000083400000|100%| O|  |TAMS 0x0000000083400000, 0x0000000083300000| Untracked 
|   6|0x0000000083400000, 0x00000000834f4400, 0x0000000083500000| 95%| O|  |TAMS 0x00000000834f4400, 0x0000000083400000| Untracked 
|   7|0x0000000083500000, 0x0000000083600000, 0x0000000083600000|100%| O|  |TAMS 0x0000000083600000, 0x0000000083500000| Untracked 
|   8|0x0000000083600000, 0x0000000083700000, 0x0000000083700000|100%| O|  |TAMS 0x0000000083700000, 0x0000000083600000| Untracked 
|   9|0x0000000083700000, 0x0000000083800000, 0x0000000083800000|100%| O|  |TAMS 0x0000000083800000, 0x0000000083700000| Untracked 
|  10|0x0000000083800000, 0x0000000083800000, 0x0000000083900000|  0%| F|  |TAMS 0x0000000083800000, 0x0000000083800000| Untracked 
|  11|0x0000000083900000, 0x0000000083a00000, 0x0000000083a00000|100%| O|  |TAMS 0x0000000083a00000, 0x0000000083900000| Untracked 
|  12|0x0000000083a00000, 0x0000000083b00000, 0x0000000083b00000|100%| O|  |TAMS 0x0000000083b00000, 0x0000000083a00000| Untracked 
|  13|0x0000000083b00000, 0x0000000083c00000, 0x0000000083c00000|100%| O|  |TAMS 0x0000000083c00000, 0x0000000083b00000| Untracked 
|  14|0x0000000083c00000, 0x0000000083d00000, 0x0000000083d00000|100%| O|  |TAMS 0x0000000083c90000, 0x0000000083c00000| Untracked 
|  15|0x0000000083d00000, 0x0000000083e00000, 0x0000000083e00000|100%| O|  |TAMS 0x0000000083d00000, 0x0000000083d00000| Untracked 
|  16|0x0000000083e00000, 0x0000000083f00000, 0x0000000083f00000|100%| O|  |TAMS 0x0000000083f00000, 0x0000000083e00000| Untracked 
|  17|0x0000000083f00000, 0x0000000084000000, 0x0000000084000000|100%| O|  |TAMS 0x0000000084000000, 0x0000000083f00000| Untracked 
|  18|0x0000000084000000, 0x0000000084100000, 0x0000000084100000|100%| O|  |TAMS 0x0000000084100000, 0x0000000084000000| Untracked 
|  19|0x0000000084100000, 0x0000000084200000, 0x0000000084200000|100%| O|  |TAMS 0x0000000084200000, 0x0000000084100000| Untracked 
|  20|0x0000000084200000, 0x0000000084300000, 0x0000000084300000|100%| O|  |TAMS 0x0000000084300000, 0x0000000084200000| Untracked 
|  21|0x0000000084300000, 0x0000000084400000, 0x0000000084400000|100%| O|  |TAMS 0x0000000084300000, 0x0000000084300000| Untracked 
|  22|0x0000000084400000, 0x0000000084500000, 0x0000000084500000|100%| O|  |TAMS 0x0000000084400000, 0x0000000084400000| Untracked 
|  23|0x0000000084500000, 0x0000000084600000, 0x0000000084600000|100%| O|  |TAMS 0x0000000084500000, 0x0000000084500000| Untracked 
|  24|0x0000000084600000, 0x0000000084700000, 0x0000000084700000|100%| O|  |TAMS 0x0000000084600000, 0x0000000084600000| Untracked 
|  25|0x0000000084700000, 0x0000000084800000, 0x0000000084800000|100%| O|  |TAMS 0x0000000084700000, 0x0000000084700000| Untracked 
|  26|0x0000000084800000, 0x000000008484f200, 0x0000000084900000| 30%| O|  |TAMS 0x0000000084800000, 0x0000000084800000| Untracked 
|  27|0x0000000084900000, 0x0000000084900000, 0x0000000084a00000|  0%| F|  |TAMS 0x0000000084900000, 0x0000000084900000| Untracked 
|  28|0x0000000084a00000, 0x0000000084a00000, 0x0000000084b00000|  0%| F|  |TAMS 0x0000000084a00000, 0x0000000084a00000| Untracked 
|  29|0x0000000084b00000, 0x0000000084b00000, 0x0000000084c00000|  0%| F|  |TAMS 0x0000000084b00000, 0x0000000084b00000| Untracked 
|  30|0x0000000084c00000, 0x0000000084c00000, 0x0000000084d00000|  0%| F|  |TAMS 0x0000000084c00000, 0x0000000084c00000| Untracked 
|  31|0x0000000084d00000, 0x0000000084d00000, 0x0000000084e00000|  0%| F|  |TAMS 0x0000000084d00000, 0x0000000084d00000| Untracked 
|  32|0x0000000084e00000, 0x0000000084e00000, 0x0000000084f00000|  0%| F|  |TAMS 0x0000000084e00000, 0x0000000084e00000| Untracked 
|  33|0x0000000084f00000, 0x0000000084f00000, 0x0000000085000000|  0%| F|  |TAMS 0x0000000084f00000, 0x0000000084f00000| Untracked 
|  34|0x0000000085000000, 0x0000000085000000, 0x0000000085100000|  0%| F|  |TAMS 0x0000000085000000, 0x0000000085000000| Untracked 
|  35|0x0000000085100000, 0x0000000085100000, 0x0000000085200000|  0%| F|  |TAMS 0x0000000085100000, 0x0000000085100000| Untracked 
|  36|0x0000000085200000, 0x0000000085200000, 0x0000000085300000|  0%| F|  |TAMS 0x0000000085200000, 0x0000000085200000| Untracked 
|  37|0x0000000085300000, 0x0000000085300000, 0x0000000085400000|  0%| F|  |TAMS 0x0000000085300000, 0x0000000085300000| Untracked 
|  38|0x0000000085400000, 0x0000000085400000, 0x0000000085500000|  0%| F|  |TAMS 0x0000000085400000, 0x0000000085400000| Untracked 
|  39|0x0000000085500000, 0x0000000085500000, 0x0000000085600000|  0%| F|  |TAMS 0x0000000085500000, 0x0000000085500000| Untracked 
|  40|0x0000000085600000, 0x0000000085600000, 0x0000000085700000|  0%| F|  |TAMS 0x0000000085600000, 0x0000000085600000| Untracked 
|  41|0x0000000085700000, 0x0000000085700000, 0x0000000085800000|  0%| F|  |TAMS 0x0000000085700000, 0x0000000085700000| Untracked 
|  42|0x0000000085800000, 0x0000000085800000, 0x0000000085900000|  0%| F|  |TAMS 0x0000000085800000, 0x0000000085800000| Untracked 
|  43|0x0000000085900000, 0x0000000085900000, 0x0000000085a00000|  0%| F|  |TAMS 0x0000000085900000, 0x0000000085900000| Untracked 
|  44|0x0000000085a00000, 0x0000000085a00000, 0x0000000085b00000|  0%| F|  |TAMS 0x0000000085a00000, 0x0000000085a00000| Untracked 
|  45|0x0000000085b00000, 0x0000000085b00000, 0x0000000085c00000|  0%| F|  |TAMS 0x0000000085b00000, 0x0000000085b00000| Untracked 
|  46|0x0000000085c00000, 0x0000000085c00000, 0x0000000085d00000|  0%| F|  |TAMS 0x0000000085c00000, 0x0000000085c00000| Untracked 
|  47|0x0000000085d00000, 0x0000000085d00000, 0x0000000085e00000|  0%| F|  |TAMS 0x0000000085d00000, 0x0000000085d00000| Untracked 
|  48|0x0000000085e00000, 0x0000000085e00000, 0x0000000085f00000|  0%| F|  |TAMS 0x0000000085e00000, 0x0000000085e00000| Untracked 
|  49|0x0000000085f00000, 0x0000000085f00000, 0x0000000086000000|  0%| F|  |TAMS 0x0000000085f00000, 0x0000000085f00000| Untracked 
|  50|0x0000000086000000, 0x0000000086000000, 0x0000000086100000|  0%| F|  |TAMS 0x0000000086000000, 0x0000000086000000| Untracked 
|  51|0x0000000086100000, 0x0000000086100000, 0x0000000086200000|  0%| F|  |TAMS 0x0000000086100000, 0x0000000086100000| Untracked 
|  52|0x0000000086200000, 0x0000000086200000, 0x0000000086300000|  0%| F|  |TAMS 0x0000000086200000, 0x0000000086200000| Untracked 
|  53|0x0000000086300000, 0x0000000086300000, 0x0000000086400000|  0%| F|  |TAMS 0x0000000086300000, 0x0000000086300000| Untracked 
|  54|0x0000000086400000, 0x0000000086400000, 0x0000000086500000|  0%| F|  |TAMS 0x0000000086400000, 0x0000000086400000| Untracked 
|  55|0x0000000086500000, 0x00000000865f16b0, 0x0000000086600000| 94%| E|  |TAMS 0x0000000086500000, 0x0000000086500000| Complete 
|  64|0x0000000086e00000, 0x0000000086f00000, 0x0000000086f00000|100%| E|CS|TAMS 0x0000000086e00000, 0x0000000086e00000| Complete 
|  65|0x0000000086f00000, 0x0000000087000000, 0x0000000087000000|100%| E|CS|TAMS 0x0000000086f00000, 0x0000000086f00000| Complete 
|  66|0x0000000087000000, 0x0000000087100000, 0x0000000087100000|100%| E|CS|TAMS 0x0000000087000000, 0x0000000087000000| Complete 
|  67|0x0000000087100000, 0x0000000087200000, 0x0000000087200000|100%| E|CS|TAMS 0x0000000087100000, 0x0000000087100000| Complete 
|  68|0x0000000087200000, 0x0000000087300000, 0x0000000087300000|100%| E|CS|TAMS 0x0000000087200000, 0x0000000087200000| Complete 
|  69|0x0000000087300000, 0x0000000087400000, 0x0000000087400000|100%| E|CS|TAMS 0x0000000087300000, 0x0000000087300000| Complete 
|  70|0x0000000087400000, 0x00000000874a87c0, 0x0000000087500000| 65%| S|CS|TAMS 0x0000000087400000, 0x0000000087400000| Complete 
| 125|0x000000008ab00000, 0x000000008ac00000, 0x000000008ac00000|100%| E|CS|TAMS 0x000000008ab00000, 0x000000008ab00000| Complete 
|2001|0x00000000fff00000, 0x0000000100000000, 0x0000000100000000|100%| O|  |TAMS 0x0000000100000000, 0x00000000fff00000| Untracked 

Card table byte_map: [0x000001c171990000,0x000001c171d80000] _byte_map_base: 0x000001c171579000

Marking Bits (Prev, Next): (CMBitMap*) 0x000001c15aa248c0, (CMBitMap*) 0x000001c15aa24880
 Prev Bits: [0x000001c1740c0000, 0x000001c176008000)
 Next Bits: [0x000001c172170000, 0x000001c1740b8000)

Polling page: 0x000001c158910000

Metaspace:

Usage:
  Non-class:     54.72 MB used.
      Class:      8.62 MB used.
       Both:     63.33 MB used.

Virtual space:
  Non-class space:       64.00 MB reserved,      55.00 MB ( 86%) committed,  1 nodes.
      Class space:        1.00 GB reserved,       8.88 MB ( <1%) committed,  1 nodes.
             Both:        1.06 GB reserved,      63.88 MB (  6%) committed. 

Chunk freelists:
   Non-Class:  8.69 MB
       Class:  7.11 MB
        Both:  15.80 MB

MaxMetaspaceSize: unlimited
CompressedClassSpaceSize: 1.00 GB
Initial GC threshold: 21.00 MB
Current GC threshold: 98.56 MB
CDS: on
MetaspaceReclaimPolicy: balanced
 - commit_granule_bytes: 65536.
 - commit_granule_words: 8192.
 - virtual_space_node_default_size: 8388608.
 - enlarge_chunks_in_place: 1.
 - new_chunks_are_fully_committed: 0.
 - uncommit_free_chunks: 1.
 - use_allocation_guard: 0.
 - handle_deallocations: 1.


Internal statistics:

num_allocs_failed_limit: 9.
num_arena_births: 790.
num_arena_deaths: 0.
num_vsnodes_births: 2.
num_vsnodes_deaths: 0.
num_space_committed: 1022.
num_space_uncommitted: 0.
num_chunks_returned_to_freelist: 9.
num_chunks_taken_from_freelist: 3051.
num_chunk_merges: 9.
num_chunk_splits: 2217.
num_chunks_enlarged: 1727.
num_inconsistent_stats: 0.

CodeHeap 'non-profiled nmethods': size=120000Kb used=3527Kb max_used=3527Kb free=116472Kb
 bounds [0x000001c169d40000, 0x000001c16a110000, 0x000001c171270000]
CodeHeap 'profiled nmethods': size=120000Kb used=9678Kb max_used=11013Kb free=110321Kb
 bounds [0x000001c162270000, 0x000001c162d40000, 0x000001c1697a0000]
CodeHeap 'non-nmethods': size=5760Kb used=1353Kb max_used=1410Kb free=4406Kb
 bounds [0x000001c1697a0000, 0x000001c169a10000, 0x000001c169d40000]
 total_blobs=5510 nmethods=4827 adapters=595
 compilation: enabled
              stopped_count=0, restarted_count=0
 full_count=0

Compilation events (20 events):
Event: 71.209 Thread 0x000001c17852b6b0 5650       4       org.springframework.beans.factory.support.AbstractBeanFactory::isTypeMatch (745 bytes)
Event: 71.250 Thread 0x000001c17852c0b0 5655       3       java.nio.charset.CharsetDecoder::onMalformedInput (26 bytes)
Event: 71.250 Thread 0x000001c17852c0b0 nmethod 5655 0x000001c1627c5410 code [0x000001c1627c55c0, 0x000001c1627c5908]
Event: 71.250 Thread 0x000001c17852c0b0 5656       3       java.nio.charset.CharsetDecoder::implOnMalformedInput (1 bytes)
Event: 71.250 Thread 0x000001c17852c0b0 nmethod 5656 0x000001c162c69c10 code [0x000001c162c69da0, 0x000001c162c69eb8]
Event: 71.250 Thread 0x000001c17852c0b0 5657       3       java.nio.charset.CharsetDecoder::onUnmappableCharacter (26 bytes)
Event: 71.250 Thread 0x000001c17852c0b0 nmethod 5657 0x000001c1627c4e10 code [0x000001c1627c4fc0, 0x000001c1627c5308]
Event: 71.251 Thread 0x000001c17852c0b0 5658       3       java.nio.charset.CharsetDecoder::implOnUnmappableCharacter (1 bytes)
Event: 71.251 Thread 0x000001c17852c0b0 nmethod 5658 0x000001c1626dd410 code [0x000001c1626dd5a0, 0x000001c1626dd6b8]
Event: 71.251 Thread 0x000001c17852c0b0 5659       3       org.apache.tomcat.util.buf.MessageBytes::equalsIgnoreCase (78 bytes)
Event: 71.251 Thread 0x000001c17852c0b0 nmethod 5659 0x000001c1627c4790 code [0x000001c1627c4980, 0x000001c1627c4d08]
Event: 71.266 Thread 0x000001c17852c0b0 5661   !   3       org.springframework.core.annotation.AnnotationTypeMappings::addIfPossible (68 bytes)
Event: 71.267 Thread 0x000001c17852c0b0 nmethod 5661 0x000001c162476810 code [0x000001c162476ac0, 0x000001c162477a58]
Event: 71.267 Thread 0x000001c17852c0b0 5663       3       org.springframework.core.annotation.AnnotationTypeMapping::resolveAliasTarget (395 bytes)
Event: 71.267 Thread 0x000001c17f267ce0 5660       4       java.util.Properties$LineReader::readLine (584 bytes)
Event: 71.267 Thread 0x000001c17f269220 5649   !   4       org.springframework.beans.factory.support.DefaultSingletonBeanRegistry::getSingleton (181 bytes)
Event: 71.277 Thread 0x000001c17852c0b0 nmethod 5663 0x000001c1629bba10 code [0x000001c1629bc5c0, 0x000001c1629c4008]
Event: 71.277 Thread 0x000001c17852c0b0 5662       3       org.springframework.core.annotation.AnnotationTypeMapping::<init> (191 bytes)
Event: 71.279 Thread 0x000001c17852c0b0 nmethod 5662 0x000001c162397410 code [0x000001c162397780, 0x000001c162398fa8]
Event: 72.013 Thread 0x000001c17852c0b0 5666   !   3       java.util.AbstractSet::equals (45 bytes)

GC Heap History (20 events):
Event: 4.040 GC heap before
{Heap before GC invocations=5 (full 0):
 garbage-first heap   total 52224K, used 37197K [0x0000000082e00000, 0x0000000100000000)
  region size 1024K, 27 young (27648K), 7 survivors (7168K)
 Metaspace       used 28988K, committed 29440K, reserved 1114112K
  class space    used 3718K, committed 3904K, reserved 1048576K
}
Event: 4.046 GC heap after
{Heap after GC invocations=6 (full 0):
 garbage-first heap   total 52224K, used 18158K [0x0000000082e00000, 0x0000000100000000)
  region size 1024K, 2 young (2048K), 2 survivors (2048K)
 Metaspace       used 28988K, committed 29440K, reserved 1114112K
  class space    used 3718K, committed 3904K, reserved 1048576K
}
Event: 4.646 GC heap before
{Heap before GC invocations=6 (full 0):
 garbage-first heap   total 52224K, used 38638K [0x0000000082e00000, 0x0000000100000000)
  region size 1024K, 22 young (22528K), 2 survivors (2048K)
 Metaspace       used 33797K, committed 34240K, reserved 1114112K
  class space    used 4414K, committed 4608K, reserved 1048576K
}
Event: 4.649 GC heap after
{Heap after GC invocations=7 (full 0):
 garbage-first heap   total 52224K, used 18619K [0x0000000082e00000, 0x0000000100000000)
  region size 1024K, 3 young (3072K), 3 survivors (3072K)
 Metaspace       used 33797K, committed 34240K, reserved 1114112K
  class space    used 4414K, committed 4608K, reserved 1048576K
}
Event: 4.835 GC heap before
{Heap before GC invocations=7 (full 0):
 garbage-first heap   total 52224K, used 26811K [0x0000000082e00000, 0x0000000100000000)
  region size 1024K, 12 young (12288K), 3 survivors (3072K)
 Metaspace       used 35530K, committed 35968K, reserved 1114112K
  class space    used 4760K, committed 4992K, reserved 1048576K
}
Event: 4.838 GC heap after
{Heap after GC invocations=8 (full 0):
 garbage-first heap   total 52224K, used 19145K [0x0000000082e00000, 0x0000000100000000)
  region size 1024K, 2 young (2048K), 2 survivors (2048K)
 Metaspace       used 35530K, committed 35968K, reserved 1114112K
  class space    used 4760K, committed 4992K, reserved 1048576K
}
Event: 5.471 GC heap before
{Heap before GC invocations=9 (full 0):
 garbage-first heap   total 52224K, used 37577K [0x0000000082e00000, 0x0000000100000000)
  region size 1024K, 21 young (21504K), 2 survivors (2048K)
 Metaspace       used 44293K, committed 44672K, reserved 1114112K
  class space    used 5833K, committed 6016K, reserved 1048576K
}
Event: 5.476 GC heap after
{Heap after GC invocations=10 (full 0):
 garbage-first heap   total 52224K, used 21292K [0x0000000082e00000, 0x0000000100000000)
  region size 1024K, 3 young (3072K), 3 survivors (3072K)
 Metaspace       used 44293K, committed 44672K, reserved 1114112K
  class space    used 5833K, committed 6016K, reserved 1048576K
}
Event: 5.506 GC heap before
{Heap before GC invocations=10 (full 0):
 garbage-first heap   total 52224K, used 21292K [0x0000000082e00000, 0x0000000100000000)
  region size 1024K, 4 young (4096K), 3 survivors (3072K)
 Metaspace       used 44528K, committed 44928K, reserved 1114112K
  class space    used 5868K, committed 6080K, reserved 1048576K
}
Event: 5.509 GC heap after
{Heap after GC invocations=11 (full 0):
 garbage-first heap   total 52224K, used 21516K [0x0000000082e00000, 0x0000000100000000)
  region size 1024K, 1 young (1024K), 1 survivors (1024K)
 Metaspace       used 44528K, committed 44928K, reserved 1114112K
  class space    used 5868K, committed 6080K, reserved 1048576K
}
Event: 5.886 GC heap before
{Heap before GC invocations=11 (full 0):
 garbage-first heap   total 52224K, used 38924K [0x0000000082e00000, 0x0000000100000000)
  region size 1024K, 19 young (19456K), 1 survivors (1024K)
 Metaspace       used 48473K, committed 48896K, reserved 1114112K
  class space    used 6339K, committed 6528K, reserved 1048576K
}
Event: 5.888 GC heap after
{Heap after GC invocations=12 (full 0):
 garbage-first heap   total 66560K, used 22119K [0x0000000082e00000, 0x0000000100000000)
  region size 1024K, 2 young (2048K), 2 survivors (2048K)
 Metaspace       used 48473K, committed 48896K, reserved 1114112K
  class space    used 6339K, committed 6528K, reserved 1048576K
}
Event: 6.494 GC heap before
{Heap before GC invocations=12 (full 0):
 garbage-first heap   total 66560K, used 49767K [0x0000000082e00000, 0x0000000100000000)
  region size 1024K, 30 young (30720K), 2 survivors (2048K)
 Metaspace       used 56650K, committed 57152K, reserved 1114112K
  class space    used 7669K, committed 7872K, reserved 1048576K
}
Event: 6.496 GC heap after
{Heap after GC invocations=13 (full 0):
 garbage-first heap   total 66560K, used 23345K [0x0000000082e00000, 0x0000000100000000)
  region size 1024K, 3 young (3072K), 3 survivors (3072K)
 Metaspace       used 56650K, committed 57152K, reserved 1114112K
  class space    used 7669K, committed 7872K, reserved 1048576K
}
Event: 6.937 GC heap before
{Heap before GC invocations=13 (full 0):
 garbage-first heap   total 66560K, used 39729K [0x0000000082e00000, 0x0000000100000000)
  region size 1024K, 20 young (20480K), 3 survivors (3072K)
 Metaspace       used 59830K, committed 60288K, reserved 1114112K
  class space    used 8059K, committed 8256K, reserved 1048576K
}
Event: 6.941 GC heap after
{Heap after GC invocations=14 (full 0):
 garbage-first heap   total 66560K, used 24858K [0x0000000082e00000, 0x0000000100000000)
  region size 1024K, 3 young (3072K), 3 survivors (3072K)
 Metaspace       used 59830K, committed 60288K, reserved 1114112K
  class space    used 8059K, committed 8256K, reserved 1048576K
}
Event: 7.663 GC heap before
{Heap before GC invocations=15 (full 0):
 garbage-first heap   total 66560K, used 51482K [0x0000000082e00000, 0x0000000100000000)
  region size 1024K, 30 young (30720K), 3 survivors (3072K)
 Metaspace       used 62711K, committed 63232K, reserved 1114112K
  class space    used 8518K, committed 8768K, reserved 1048576K
}
Event: 7.668 GC heap after
{Heap after GC invocations=16 (full 0):
 garbage-first heap   total 66560K, used 27259K [0x0000000082e00000, 0x0000000100000000)
  region size 1024K, 4 young (4096K), 4 survivors (4096K)
 Metaspace       used 62711K, committed 63232K, reserved 1114112K
  class space    used 8518K, committed 8768K, reserved 1048576K
}
Event: 21.488 GC heap before
{Heap before GC invocations=16 (full 0):
 garbage-first heap   total 66560K, used 28283K [0x0000000082e00000, 0x0000000100000000)
  region size 1024K, 5 young (5120K), 4 survivors (4096K)
 Metaspace       used 63010K, committed 63552K, reserved 1114112K
  class space    used 8563K, committed 8832K, reserved 1048576K
}
Event: 21.494 GC heap after
{Heap after GC invocations=17 (full 0):
 garbage-first heap   total 66560K, used 27567K [0x0000000082e00000, 0x0000000100000000)
  region size 1024K, 1 young (1024K), 1 survivors (1024K)
 Metaspace       used 63010K, committed 63552K, reserved 1114112K
  class space    used 8563K, committed 8832K, reserved 1048576K
}

Deoptimization events (20 events):
Event: 8.686 Thread 0x000001c17d9b39b0 Uncommon trap: trap_request=0xffffff45 fr.pc=0x000001c16a07ea68 relative=0x0000000000000168
Event: 8.686 Thread 0x000001c17d9b39b0 Uncommon trap: reason=unstable_if action=reinterpret pc=0x000001c16a07ea68 method=java.util.concurrent.locks.ReentrantLock$Sync.lock()V @ 4 c2
Event: 8.686 Thread 0x000001c17d9b39b0 DEOPT PACKING pc=0x000001c16a07ea68 sp=0x000000921ebfed80
Event: 8.686 Thread 0x000001c17d9b39b0 DEOPT UNPACKING pc=0x000001c1697f23a3 sp=0x000000921ebfece0 mode 2
Event: 71.266 Thread 0x000001c141be99d0 Uncommon trap: trap_request=0xffffffde fr.pc=0x000001c16a09c558 relative=0x00000000000019d8
Event: 71.266 Thread 0x000001c141be99d0 Uncommon trap: reason=class_check action=maybe_recompile pc=0x000001c16a09c558 method=org.springframework.core.annotation.AnnotationsScanner.processMethodHierarchy(Ljava/lang/Object;[ILjava/lang/Class;Lorg/springframework/core/annotation/AnnotationsProces
Event: 71.266 Thread 0x000001c141be99d0 DEOPT PACKING pc=0x000001c16a09c558 sp=0x000000921f3fcef0
Event: 71.266 Thread 0x000001c141be99d0 DEOPT UNPACKING pc=0x000001c1697f23a3 sp=0x000000921f3fcf68 mode 2
Event: 71.266 Thread 0x000001c141be99d0 Uncommon trap: trap_request=0xffffffde fr.pc=0x000001c16a09c558 relative=0x00000000000019d8
Event: 71.266 Thread 0x000001c141be99d0 Uncommon trap: reason=class_check action=maybe_recompile pc=0x000001c16a09c558 method=org.springframework.core.annotation.AnnotationsScanner.processMethodHierarchy(Ljava/lang/Object;[ILjava/lang/Class;Lorg/springframework/core/annotation/AnnotationsProces
Event: 71.266 Thread 0x000001c141be99d0 DEOPT PACKING pc=0x000001c16a09c558 sp=0x000000921f3fcef0
Event: 71.266 Thread 0x000001c141be99d0 DEOPT UNPACKING pc=0x000001c1697f23a3 sp=0x000000921f3fcf68 mode 2
Event: 71.266 Thread 0x000001c141be99d0 Uncommon trap: trap_request=0xffffffde fr.pc=0x000001c16a09c558 relative=0x00000000000019d8
Event: 71.266 Thread 0x000001c141be99d0 Uncommon trap: reason=class_check action=maybe_recompile pc=0x000001c16a09c558 method=org.springframework.core.annotation.AnnotationsScanner.processMethodHierarchy(Ljava/lang/Object;[ILjava/lang/Class;Lorg/springframework/core/annotation/AnnotationsProces
Event: 71.266 Thread 0x000001c141be99d0 DEOPT PACKING pc=0x000001c16a09c558 sp=0x000000921f3fcef0
Event: 71.266 Thread 0x000001c141be99d0 DEOPT UNPACKING pc=0x000001c1697f23a3 sp=0x000000921f3fcf68 mode 2
Event: 71.267 Thread 0x000001c141be99d0 Uncommon trap: trap_request=0xffffffde fr.pc=0x000001c16a09c558 relative=0x00000000000019d8
Event: 71.267 Thread 0x000001c141be99d0 Uncommon trap: reason=class_check action=maybe_recompile pc=0x000001c16a09c558 method=org.springframework.core.annotation.AnnotationsScanner.processMethodHierarchy(Ljava/lang/Object;[ILjava/lang/Class;Lorg/springframework/core/annotation/AnnotationsProces
Event: 71.267 Thread 0x000001c141be99d0 DEOPT PACKING pc=0x000001c16a09c558 sp=0x000000921f3fcef0
Event: 71.267 Thread 0x000001c141be99d0 DEOPT UNPACKING pc=0x000001c1697f23a3 sp=0x000000921f3fcf68 mode 2

Classes unloaded (0 events):
No events

Classes redefined (0 events):
No events

Internal exceptions (20 events):
Event: 6.456 Thread 0x000001c17d9b2f90 Exception <a 'java/lang/IncompatibleClassChangeError'{0x0000000085372160}: Found class java.lang.Object, but interface was expected> (0x0000000085372160) 
thrown [s\open\src\hotspot\share\interpreter\linkResolver.cpp, line 826]
Event: 6.464 Thread 0x000001c17d9b2f90 Exception <a 'java/lang/NoSuchMethodError'{0x00000000853f3e00}: 'java.lang.Object java.lang.invoke.DirectMethodHandle$Holder.newInvokeSpecial(java.lang.Object, java.lang.Object, java.lang.Object, java.lang.Object, java.lang.Object, java.lang.Object, java.lang.Object, int)'> (0x00000000853f3e00) 
thrown [s\open\src\hotspot\share\interpreter\linkResolver.cpp, line 759]
Event: 6.464 Thread 0x000001c17d9b2f90 Exception <a 'java/lang/NoSuchMethodError'{0x00000000853f8df8}: 'java.lang.Object java.lang.invoke.DirectMethodHandle$Holder.invokeSpecial(java.lang.Object, java.lang.Object, java.lang.Object, java.lang.Object, java.lang.Object, java.lang.Object, java.lang.Object, java.lang.Object, int)'> (0x00000000853f8df8) 
thrown [s\open\src\hotspot\share\interpreter\linkResolver.cpp, line 759]
Event: 6.464 Thread 0x000001c17d9b2f90 Exception <a 'java/lang/NoSuchMethodError'{0x00000000853fd8c0}: 'java.lang.Object java.lang.invoke.Invokers$Holder.linkToTargetMethod(java.lang.Object, java.lang.Object, java.lang.Object, java.lang.Object, java.lang.Object, java.lang.Object, int, java.lang.Object)'> (0x00000000853fd8c0) 
thrown [s\open\src\hotspot\share\interpreter\linkResolver.cpp, line 759]
Event: 6.490 Thread 0x000001c17d9b2f90 Exception <a 'java/lang/NoSuchMethodError'{0x00000000852d94a8}: 'void java.lang.invoke.DirectMethodHandle$Holder.invokeInterface(java.lang.Object, java.lang.Object)'> (0x00000000852d94a8) 
thrown [s\open\src\hotspot\share\interpreter\linkResolver.cpp, line 759]
Event: 6.732 Thread 0x000001c17d9b2f90 Exception <a 'java/lang/IncompatibleClassChangeError'{0x000000008658c8e0}: Found class java.lang.Object, but interface was expected> (0x000000008658c8e0) 
thrown [s\open\src\hotspot\share\interpreter\linkResolver.cpp, line 826]
Event: 6.778 Thread 0x000001c17d9b2f90 Exception <a 'java/lang/IncompatibleClassChangeError'{0x000000008632d8c0}: Found class java.lang.Object, but interface was expected> (0x000000008632d8c0) 
thrown [s\open\src\hotspot\share\interpreter\linkResolver.cpp, line 826]
Event: 6.894 Thread 0x000001c17d9b2f90 Implicit null exception at 0x000001c16a03931b to 0x000001c16a03acb8
Event: 6.960 Thread 0x000001c17d9b2f90 Exception <a 'java/lang/IncompatibleClassChangeError'{0x00000000874191c0}: Found class java.lang.Object, but interface was expected> (0x00000000874191c0) 
thrown [s\open\src\hotspot\share\interpreter\linkResolver.cpp, line 826]
Event: 7.259 Thread 0x000001c17d9b2f90 Exception <a 'sun/nio/fs/WindowsException'{0x00000000862be8f8}> (0x00000000862be8f8) 
thrown [s\open\src\hotspot\share\prims\jni.cpp, line 516]
Event: 7.317 Thread 0x000001c17d9b2f90 Exception <a 'java/lang/IncompatibleClassChangeError'{0x0000000085f3c140}: Found class java.lang.Object, but interface was expected> (0x0000000085f3c140) 
thrown [s\open\src\hotspot\share\interpreter\linkResolver.cpp, line 826]
Event: 7.373 Thread 0x000001c17d9b2f90 Exception <a 'java/lang/NoSuchMethodError'{0x0000000085d013d0}: 'void java.lang.invoke.DirectMethodHandle$Holder.invokeVirtual(java.lang.Object, java.lang.Object, long)'> (0x0000000085d013d0) 
thrown [s\open\src\hotspot\share\interpreter\linkResolver.cpp, line 759]
Event: 7.483 Thread 0x000001c17d9b2f90 Exception <a 'java/lang/IncompatibleClassChangeError'{0x0000000085618dd8}: Found class java.lang.Object, but interface was expected> (0x0000000085618dd8) 
thrown [s\open\src\hotspot\share\interpreter\linkResolver.cpp, line 826]
Event: 7.497 Thread 0x000001c17d9b2f90 Implicit null exception at 0x000001c169e920da to 0x000001c169e9230c
Event: 7.524 Thread 0x000001c17d9b2f90 Exception <a 'java/lang/NoSuchMethodError'{0x000000008557e9e0}: 'java.lang.Object java.lang.invoke.DirectMethodHandle$Holder.invokeSpecial(java.lang.Object, java.lang.Object, java.lang.Object, java.lang.Object, java.lang.Object, java.lang.Object, java.lang.Object, java.lang.Object, java.lang.Object, java.lang.Object, java.lang.Object)'> (0x000000008557e9e0) 
thrown [s\open\src\hotspot\share\interpreter\linkResolver.cpp, line 759]
Event: 7.524 Thread 0x000001c17d9b2f90 Exception <a 'java/lang/NoSuchMethodError'{0x0000000085583050}: 'java.lang.Object java.lang.invoke.Invokers$Holder.invoke_MT(java.lang.Object, java.lang.Object, java.lang.Object, java.lang.Object, java.lang.Object, java.lang.Object, java.lang.Object, java.lang.Object, java.lang.Object, java.lang.Object, java.lang.Object)'> (0x0000000085583050) 
thrown [s\open\src\hotspot\share\interpreter\linkResolver.cpp, line 759]
Event: 7.645 Thread 0x000001c17d9b2f90 Exception <a 'java/lang/NoSuchMethodError'{0x0000000085121700}: 'java.lang.Object java.lang.invoke.DirectMethodHandle$Holder.newInvokeSpecial(java.lang.Object, java.lang.Object, int, java.lang.Object, java.lang.Object)'> (0x0000000085121700) 
thrown [s\open\src\hotspot\share\interpreter\linkResolver.cpp, line 759]
Event: 7.701 Thread 0x000001c17d9b2f90 Implicit null exception at 0x000001c16a04c92b to 0x000001c16a04d840
Event: 71.147 Thread 0x000001c141be99d0 Exception <a 'java/lang/NoSuchMethodError'{0x0000000087105528}: 'java.lang.Object java.lang.invoke.DirectMethodHandle$Holder.invokeSpecial(java.lang.Object, java.lang.Object, java.lang.Object, java.lang.Object, java.lang.Object, long)'> (0x0000000087105528) 
thrown [s\open\src\hotspot\share\interpreter\linkResolver.cpp, line 759]
Event: 71.147 Thread 0x000001c141be99d0 Exception <a 'java/lang/NoSuchMethodError'{0x0000000087108f68}: 'java.lang.Object java.lang.invoke.Invokers$Holder.linkToTargetMethod(java.lang.Object, java.lang.Object, java.lang.Object, long, java.lang.Object)'> (0x0000000087108f68) 
thrown [s\open\src\hotspot\share\interpreter\linkResolver.cpp, line 759]

VM Operations (20 events):
Event: 7.643 Executing VM operation: HandshakeAllThreads done
Event: 7.662 Executing VM operation: G1CollectForAllocation
Event: 7.668 Executing VM operation: G1CollectForAllocation done
Event: 8.671 Executing VM operation: Cleanup
Event: 8.671 Executing VM operation: Cleanup done
Event: 9.680 Executing VM operation: Cleanup
Event: 9.680 Executing VM operation: Cleanup done
Event: 20.780 Executing VM operation: Cleanup
Event: 20.780 Executing VM operation: Cleanup done
Event: 21.488 Executing VM operation: G1CollectForAllocation
Event: 21.494 Executing VM operation: G1CollectForAllocation done
Event: 60.039 Executing VM operation: HandshakeAllThreads
Event: 60.039 Executing VM operation: HandshakeAllThreads done
Event: 71.103 Executing VM operation: Cleanup
Event: 71.103 Executing VM operation: Cleanup done
Event: 71.166 Executing VM operation: HandshakeAllThreads
Event: 71.167 Executing VM operation: HandshakeAllThreads done
Event: 71.282 Executing VM operation: HandshakeAllThreads
Event: 71.282 Executing VM operation: HandshakeAllThreads done
Event: 72.285 Executing VM operation: Cleanup

Events (20 events):
Event: 71.104 loading class java/nio/channels/SelectionKey
Event: 71.104 loading class java/nio/channels/SelectionKey done
Event: 71.104 loading class java/nio/channels/spi/AbstractSelectionKey done
Event: 71.104 loading class sun/nio/ch/SelectionKeyImpl done
Event: 71.104 loading class java/lang/invoke/ConstantBootstraps
Event: 71.105 loading class java/lang/invoke/ConstantBootstraps done
Event: 71.151 loading class sun/nio/cs/ThreadLocalCoders
Event: 71.151 loading class sun/nio/cs/ThreadLocalCoders done
Event: 71.151 loading class sun/nio/cs/ThreadLocalCoders$1
Event: 71.151 loading class sun/nio/cs/ThreadLocalCoders$Cache
Event: 71.151 loading class sun/nio/cs/ThreadLocalCoders$Cache done
Event: 71.151 loading class sun/nio/cs/ThreadLocalCoders$1 done
Event: 71.151 loading class sun/nio/cs/ThreadLocalCoders$2
Event: 71.151 loading class sun/nio/cs/ThreadLocalCoders$2 done
Event: 71.249 loading class java/time/format/DateTimeFormatterBuilder$ZoneTextPrinterParser
Event: 71.249 loading class java/time/format/DateTimeFormatterBuilder$ZoneTextPrinterParser done
Event: 71.249 loading class java/time/format/DateTimeFormatterBuilder$ReducedPrinterParser
Event: 71.249 loading class java/time/format/DateTimeFormatterBuilder$ReducedPrinterParser done
Event: 71.267 Thread 0x000001c17f267ce0 Thread added: 0x000001c17f267ce0
Event: 71.267 Thread 0x000001c17f269220 Thread added: 0x000001c17f269220


Dynamic libraries:
0x00007ff718f80000 - 0x00007ff718f90000 	C:\Program Files\Java\jdk-17\bin\javaw.exe
0x00007fffd1a40000 - 0x00007fffd1ca3000 	C:\WINDOWS\SYSTEM32\ntdll.dll
0x00007fffcfa30000 - 0x00007fffcfaf8000 	C:\WINDOWS\System32\KERNEL32.DLL
0x00007fffcf160000 - 0x00007fffcf512000 	C:\WINDOWS\System32\KERNELBASE.dll
0x00007fffcf6a0000 - 0x00007fffcf7eb000 	C:\WINDOWS\System32\ucrtbase.dll
0x00007fffbfc70000 - 0x00007fffbfc8b000 	C:\Program Files\Java\jdk-17\bin\VCRUNTIME140.dll
0x00007fffbdf50000 - 0x00007fffbdf69000 	C:\Program Files\Java\jdk-17\bin\jli.dll
0x00007fffcf8a0000 - 0x00007fffcf954000 	C:\WINDOWS\System32\ADVAPI32.dll
0x00007fffd0f10000 - 0x00007fffd0fb9000 	C:\WINDOWS\System32\msvcrt.dll
0x00007fffcffb0000 - 0x00007fffd0056000 	C:\WINDOWS\System32\sechost.dll
0x00007fffcfc70000 - 0x00007fffcfd86000 	C:\WINDOWS\System32\RPCRT4.dll
0x00007fffd0d40000 - 0x00007fffd0f08000 	C:\WINDOWS\System32\USER32.dll
0x00007fffcf520000 - 0x00007fffcf547000 	C:\WINDOWS\System32\win32u.dll
0x00007fffbbed0000 - 0x00007fffbc160000 	C:\WINDOWS\WinSxS\amd64_microsoft.windows.common-controls_6595b64144ccf1df_6.0.26100.2454_none_3e0b68a2e331ad60\COMCTL32.dll
0x00007fffd0540000 - 0x00007fffd056a000 	C:\WINDOWS\System32\GDI32.dll
0x00007fffcf030000 - 0x00007fffcf15b000 	C:\WINDOWS\System32\gdi32full.dll
0x00007fffcf7f0000 - 0x00007fffcf893000 	C:\WINDOWS\System32\msvcp_win.dll
0x00007fffc8470000 - 0x00007fffc847b000 	C:\WINDOWS\SYSTEM32\VERSION.dll
0x00007fffd1020000 - 0x00007fffd104f000 	C:\WINDOWS\System32\IMM32.DLL
0x00007fffc9350000 - 0x00007fffc935c000 	C:\Program Files\Java\jdk-17\bin\vcruntime140_1.dll
0x00007fffa2670000 - 0x00007fffa26fe000 	C:\Program Files\Java\jdk-17\bin\msvcp140.dll
0x00007fff83a70000 - 0x00007fff8464f000 	C:\Program Files\Java\jdk-17\bin\server\jvm.dll
0x00007fffd0570000 - 0x00007fffd0578000 	C:\WINDOWS\System32\PSAPI.DLL
0x00007fffc8430000 - 0x00007fffc8466000 	C:\WINDOWS\SYSTEM32\WINMM.dll
0x00007fffc5df0000 - 0x00007fffc5dfa000 	C:\WINDOWS\SYSTEM32\WSOCK32.dll
0x00007fffcfbf0000 - 0x00007fffcfc64000 	C:\WINDOWS\System32\WS2_32.dll
0x00007fffcdc50000 - 0x00007fffcdc6a000 	C:\WINDOWS\SYSTEM32\kernel.appcore.dll
0x00007fffc5b20000 - 0x00007fffc5b2a000 	C:\Program Files\Java\jdk-17\bin\jimage.dll
0x00007fffc1f10000 - 0x00007fffc2151000 	C:\WINDOWS\SYSTEM32\DBGHELP.DLL
0x00007fffd1060000 - 0x00007fffd13de000 	C:\WINDOWS\System32\combase.dll
0x00007fffcfed0000 - 0x00007fffcffa6000 	C:\WINDOWS\System32\OLEAUT32.dll
0x00007fffba5b0000 - 0x00007fffba5e9000 	C:\WINDOWS\SYSTEM32\dbgcore.DLL
0x00007fffcee10000 - 0x00007fffceea9000 	C:\WINDOWS\System32\bcryptPrimitives.dll
0x00007fffbdf20000 - 0x00007fffbdf45000 	C:\Program Files\Java\jdk-17\bin\java.dll
0x00007fff9fb60000 - 0x00007fff9fc37000 	C:\Program Files\Java\jdk-17\bin\jsvml.dll
0x00007fffd0630000 - 0x00007fffd0d31000 	C:\WINDOWS\System32\SHELL32.dll
0x00007fffccb60000 - 0x00007fffcd391000 	C:\WINDOWS\SYSTEM32\windows.storage.dll
0x00007fffcfb10000 - 0x00007fffcfbea000 	C:\WINDOWS\System32\SHCORE.dll
0x00007fffd04e0000 - 0x00007fffd053d000 	C:\WINDOWS\System32\shlwapi.dll
0x00007fffced20000 - 0x00007fffced4e000 	C:\WINDOWS\SYSTEM32\profapi.dll
0x00007fffbd230000 - 0x00007fffbd249000 	C:\Program Files\Java\jdk-17\bin\net.dll
0x00007fffc5f30000 - 0x00007fffc6056000 	C:\WINDOWS\SYSTEM32\WINHTTP.dll
0x00007fffce150000 - 0x00007fffce1b8000 	C:\WINDOWS\system32\mswsock.dll
0x00007fffbc490000 - 0x00007fffbc4a6000 	C:\Program Files\Java\jdk-17\bin\nio.dll
0x00007fffbdcf0000 - 0x00007fffbdd08000 	C:\Program Files\Java\jdk-17\bin\zip.dll
0x00007fffc9ef0000 - 0x00007fffc9efa000 	C:\Program Files\Java\jdk-17\bin\management.dll
0x00007fffc9db0000 - 0x00007fffc9dbb000 	C:\Program Files\Java\jdk-17\bin\management_ext.dll
0x00007fffc5f00000 - 0x00007fffc5f0e000 	C:\Program Files\Java\jdk-17\bin\sunmscapi.dll
0x00007fffceeb0000 - 0x00007fffcf026000 	C:\WINDOWS\System32\CRYPT32.dll
0x00007fffce5f0000 - 0x00007fffce620000 	C:\WINDOWS\SYSTEM32\ncrypt.dll
0x00007fffce5a0000 - 0x00007fffce5df000 	C:\WINDOWS\SYSTEM32\NTASN1.dll
0x00007fffce3f0000 - 0x00007fffce40c000 	C:\WINDOWS\SYSTEM32\CRYPTSP.dll
0x00007fffcdbb0000 - 0x00007fffcdbe8000 	C:\WINDOWS\system32\rsaenh.dll
0x00007fffce1f0000 - 0x00007fffce21b000 	C:\WINDOWS\SYSTEM32\USERENV.dll
0x00007fffce630000 - 0x00007fffce656000 	C:\WINDOWS\SYSTEM32\bcrypt.dll
0x00007fffce410000 - 0x00007fffce41c000 	C:\WINDOWS\SYSTEM32\CRYPTBASE.dll
0x00007fffcd690000 - 0x00007fffcd6c2000 	C:\WINDOWS\SYSTEM32\IPHLPAPI.DLL
0x00007fffcf9f0000 - 0x00007fffcf9fa000 	C:\WINDOWS\System32\NSI.dll
0x00007fffc5a90000 - 0x00007fffc5aae000 	C:\WINDOWS\SYSTEM32\dhcpcsvc6.DLL
0x00007fffc5a30000 - 0x00007fffc5a55000 	C:\WINDOWS\SYSTEM32\dhcpcsvc.DLL
0x00007fffcd6d0000 - 0x00007fffcd7f5000 	C:\WINDOWS\SYSTEM32\DNSAPI.dll
0x00007fffbfc00000 - 0x00007fffbfc10000 	C:\Program Files\Java\jdk-17\bin\verify.dll
0x00007fffc46c0000 - 0x00007fffc46cb000 	C:\Windows\System32\rasadhlp.dll
0x00007fffc55c0000 - 0x00007fffc5645000 	C:\WINDOWS\System32\fwpuclnt.dll
0x00007fffc9eb0000 - 0x00007fffc9eb8000 	C:\WINDOWS\system32\wshunix.dll

dbghelp: loaded successfully - version: 4.0.5 - missing functions: none
symbol engine: initialized successfully - sym options: 0x614 - pdb path: .;C:\Program Files\Java\jdk-17\bin;C:\WINDOWS\SYSTEM32;C:\WINDOWS\WinSxS\amd64_microsoft.windows.common-controls_6595b64144ccf1df_6.0.26100.2454_none_3e0b68a2e331ad60;C:\Program Files\Java\jdk-17\bin\server

VM Arguments:
jvm_args: -Dfile.encoding=Cp1252 -XX:+ShowCodeDetailsInExceptionMessages 
java_command: com.example.employee.EmployeeManagementApplication
java_class_path (initial): C:\Users\NIKHIL MOWADE\Downloads\employee-ui\employee-ui\employee-management\target\classes;C:\Users\NIKHIL MOWADE\.m2\repository\org\springframework\boot\spring-boot-starter-data-jpa\3.4.2\spring-boot-starter-data-jpa-3.4.2.jar;C:\Users\NIKHIL MOWADE\.m2\repository\org\springframework\boot\spring-boot-starter\3.4.2\spring-boot-starter-3.4.2.jar;C:\Users\NIKHIL MOWADE\.m2\repository\org\springframework\boot\spring-boot-starter-logging\3.4.2\spring-boot-starter-logging-3.4.2.jar;C:\Users\NIKHIL MOWADE\.m2\repository\ch\qos\logback\logback-classic\1.5.16\logback-classic-1.5.16.jar;C:\Users\NIKHIL MOWADE\.m2\repository\ch\qos\logback\logback-core\1.5.16\logback-core-1.5.16.jar;C:\Users\NIKHIL MOWADE\.m2\repository\org\apache\logging\log4j\log4j-to-slf4j\2.24.3\log4j-to-slf4j-2.24.3.jar;C:\Users\NIKHIL MOWADE\.m2\repository\org\apache\logging\log4j\log4j-api\2.24.3\log4j-api-2.24.3.jar;C:\Users\NIKHIL MOWADE\.m2\repository\org\slf4j\jul-to-slf4j\2.0.16\jul-to-slf4j-2.0.16.jar;C:\Users\NIKHIL MOWADE\.m2\repository\jakarta\annotation\jakarta.annotation-api\2.1.1\jakarta.annotation-api-2.1.1.jar;C:\Users\NIKHIL MOWADE\.m2\repository\org\yaml\snakeyaml\2.3\snakeyaml-2.3.jar;C:\Users\NIKHIL MOWADE\.m2\repository\org\springframework\boot\spring-boot-starter-jdbc\3.4.2\spring-boot-starter-jdbc-3.4.2.jar;C:\Users\NIKHIL MOWADE\.m2\repository\com\zaxxer\HikariCP\5.1.0\HikariCP-5.1.0.jar;C:\Users\NIKHIL MOWADE\.m2\repository\org\springframework\spring-jdbc\6.2.2\spring-jdbc-6.2.2.jar;C:\Users\NIKHIL MOWADE\.m2\repository\org\hibernate\orm\hibernate-core\6.6.5.Final\hibernate-core-6.6.5.Final.jar;C:\Users\NIKHIL MOWADE\.m2\repository\jakarta\persistence\jakarta.persistence-api\3.1.0\jakarta.persistence-api-3.1.0.jar;C:\Users\NIKHIL MOWADE\.m2\repository\jakarta\transaction\jakarta.transaction-api\2.0.1\jakarta.transaction-api-2.0.1.jar;C:\Users\NIKHIL MOWADE\.m2\repository\org\jboss\logging\jboss-logging\3.6.1.Final\jboss-logging-3.6.1.Final.jar;C:\Use
Launcher Type: SUN_STANDARD

[Global flags]
     intx CICompilerCount                          = 4                                         {product} {ergonomic}
     uint ConcGCThreads                            = 2                                         {product} {ergonomic}
     uint G1ConcRefinementThreads                  = 8                                         {product} {ergonomic}
   size_t G1HeapRegionSize                         = 1048576                                   {product} {ergonomic}
    uintx GCDrainStackTargetSize                   = 64                                        {product} {ergonomic}
   size_t InitialHeapSize                          = 132120576                                 {product} {ergonomic}
   size_t MarkStackSize                            = 4194304                                   {product} {ergonomic}
   size_t MaxHeapSize                              = 2099249152                                {product} {ergonomic}
   size_t MaxNewSize                               = 1259339776                                {product} {ergonomic}
   size_t MinHeapDeltaBytes                        = 1048576                                   {product} {ergonomic}
   size_t MinHeapSize                              = 8388608                                   {product} {ergonomic}
    uintx NonNMethodCodeHeapSize                   = 5839372                                {pd product} {ergonomic}
    uintx NonProfiledCodeHeapSize                  = 122909434                              {pd product} {ergonomic}
    uintx ProfiledCodeHeapSize                     = 122909434                              {pd product} {ergonomic}
    uintx ReservedCodeCacheSize                    = 251658240                              {pd product} {ergonomic}
     bool SegmentedCodeCache                       = true                                      {product} {ergonomic}
     bool ShowCodeDetailsInExceptionMessages       = true                                   {manageable} {command line}
   size_t SoftMaxHeapSize                          = 2099249152                             {manageable} {ergonomic}
     bool UseCompressedClassPointers               = true                           {product lp64_product} {ergonomic}
     bool UseCompressedOops                        = true                           {product lp64_product} {ergonomic}
     bool UseG1GC                                  = true                                      {product} {ergonomic}
     bool UseLargePagesIndividualAllocation        = false                                  {pd product} {ergonomic}

Logging:
Log output configuration:
 #0: stdout all=warning uptime,level,tags
 #1: stderr all=off uptime,level,tags

Environment Variables:
PATH=C:\Program Files\Common Files\Oracle\Java\javapath;C:\ProgramData\Oracle\Java\javapath;C:\Program Files\Python311\Scripts\;C:\Program Files\Python311\;C:\Program Files\Python39\Scripts\;C:\Program Files\Python39\;C:\Windows\system32;C:\Windows;C:\Windows\System32\Wbem;C:\Windows\System32\WindowsPowerShell\v1.0\;C:\Windows\System32\OpenSSH\;C:\Program Files (x86)\NVIDIA Corporation\PhysX\Common;C:\Program Files\NVIDIA Corporation\NVIDIA NvDLISR;C:\MinGW\bin;C:\WINDOWS\system32;C:\WINDOWS;C:\WINDOWS\System32\Wbem;C:\WINDOWS\System32\WindowsPowerShell\v1.0\;C:\WINDOWS\System32\OpenSSH\;C:\Program Files\nodejs;C:\Users\NIKHIL MOWADE\AppData\Roaming\Microsoft\Windows\Start Menu\Programs\Python 3.9;C:\Program Files\MySQL\MySQL Server 8.0\bin;C:\Program Files\MongoDB\Server\5.0\bin;C:\Program Files\Java\jdk-17\bin;C:\Program Files\Azure Data Studio\bin;C:\Program Files\Git\cmd;C:\Program Files\Microsoft SQL Server\Client SDK\ODBC\170\Tools\Binn\;C:\Program Files (x86)\Microsoft SQL Server\160\Tools\Binn\;C:\Program Files\Microsoft SQL Server\160\Tools\Binn\;C:\Program Files\Microsoft SQL Server\160\DTS\Binn\;C:\Program Files (x86)\Microsoft SQL Server\160\DTS\Binn\;C:\Program Files\Microsoft SQL Server\150\Tools\Binn\;C:\Program Files\dotnet\;C:\Program Files\nodejs\;C:\Users\NIKHIL MOWADE\AppData\Local\Programs\Python\Launcher\;C:\Users\NIKHIL MOWADE\AppData\Local\Microsoft\WindowsApps;C:\Users\NIKHIL MOWADE\AppData\Local\Programs\Microsoft VS Code\bin;C:\Users\NIKHIL MOWADE\AppData\Roaming\Microsoft\Windows\Start Menu\Programs\Python 3.9;C:\xampp\php;C:\Program Files\Java\jdk-17\bin;C:\Program Files\Azure Data Studio\bin;C:\Users\NIKHIL MOWADE\.dotnet\tools;C:\Users\NIKHIL MOWADE\AppData\Roaming\npm;
USERNAME=NIKHIL MOWADE
OS=Windows_NT
PROCESSOR_IDENTIFIER=AMD64 Family 23 Model 24 Stepping 1, AuthenticAMD



---------------  S Y S T E M  ---------------

OS:
 Windows 11 , 64 bit Build 26100 (10.0.26100.2454)
OS uptime: 0 days 1:11 hours

CPU: total 8 (initial active 8) (8 cores per cpu, 2 threads per core) family 23 model 24 stepping 1 microcode 0x8108102, cx8, cmov, fxsr, ht, mmx, 3dnowpref, sse, sse2, sse3, ssse3, sse4a, sse4.1, sse4.2, popcnt, lzcnt, tsc, tscinvbit, avx, avx2, aes, clmul, bmi1, bmi2, adx, sha, fma, vzeroupper, clflush, clflushopt

Memory: 4k page, system-wide physical 8000M (626M free)
TotalPageFile size 11000M (AvailPageFile size 19M)
current process WorkingSet (physical memory assigned to process): 242M, peak: 285M
current process commit charge ("private bytes"): 281M, peak: 321M

vm_info: Java HotSpot(TM) 64-Bit Server VM (17.0.10+11-LTS-240) for windows-amd64 JRE (17.0.10+11-LTS-240), built on Dec 19 2023 21:47:25 by "mach5one" with MS VC++ 17.1 (VS2022)

END.
